  [1m[35m (0.1ms)[0m  [1m[34mSELECT sqlite_version(*)[0m
  ↳ bin/rails:4
  [1m[35m (18.2ms)[0m  [1m[35mCREATE TABLE "schema_migrations" ("version" varchar NOT NULL PRIMARY KEY)[0m
  ↳ bin/rails:4
  [1m[35m (5.3ms)[0m  [1m[35mCREATE TABLE "ar_internal_metadata" ("key" varchar NOT NULL PRIMARY KEY, "value" varchar, "created_at" datetime NOT NULL, "updated_at" datetime NOT NULL)[0m
  ↳ bin/rails:4
  [1m[35m (0.2ms)[0m  [1m[34mSELECT "schema_migrations"."version" FROM "schema_migrations" ORDER BY "schema_migrations"."version" ASC[0m
  ↳ bin/rails:4
Migrating to CreateTodos (20190612075304)
  [1m[35m (0.1ms)[0m  [1m[36mbegin transaction[0m
  ↳ bin/rails:4
  [1m[35m (0.8ms)[0m  [1m[35mCREATE TABLE "todos" ("id" integer PRIMARY KEY AUTOINCREMENT NOT NULL, "title" varchar, "created_by" varchar, "created_at" datetime NOT NULL, "updated_at" datetime NOT NULL)[0m
  ↳ db/migrate/20190612075304_create_todos.rb:3
  [1m[36mActiveRecord::SchemaMigration Create (0.2ms)[0m  [1m[32mINSERT INTO "schema_migrations" ("version") VALUES (?)[0m  [["version", "20190612075304"]]
  ↳ bin/rails:4
  [1m[35m (6.2ms)[0m  [1m[36mcommit transaction[0m
  ↳ bin/rails:4
Migrating to CreateItems (20190612075315)
  [1m[35m (0.1ms)[0m  [1m[36mbegin transaction[0m
  ↳ bin/rails:4
  [1m[35m (0.6ms)[0m  [1m[35mCREATE TABLE "items" ("id" integer PRIMARY KEY AUTOINCREMENT NOT NULL, "name" varchar, "done" boolean, "todo_id" integer, "created_at" datetime NOT NULL, "updated_at" datetime NOT NULL, CONSTRAINT "fk_rails_c01e6b449d"
FOREIGN KEY ("todo_id")
  REFERENCES "todos" ("id")
)[0m
  ↳ db/migrate/20190612075315_create_items.rb:3
  [1m[35m (0.1ms)[0m  [1m[35mCREATE  INDEX "index_items_on_todo_id" ON "items" ("todo_id")[0m
  ↳ db/migrate/20190612075315_create_items.rb:3
  [1m[36mActiveRecord::SchemaMigration Create (0.2ms)[0m  [1m[32mINSERT INTO "schema_migrations" ("version") VALUES (?)[0m  [["version", "20190612075315"]]
  ↳ bin/rails:4
  [1m[35m (5.2ms)[0m  [1m[36mcommit transaction[0m
  ↳ bin/rails:4
  [1m[36mActiveRecord::InternalMetadata Load (0.3ms)[0m  [1m[34mSELECT  "ar_internal_metadata".* FROM "ar_internal_metadata" WHERE "ar_internal_metadata"."key" = ? LIMIT ?[0m  [["key", "environment"], ["LIMIT", 1]]
  ↳ bin/rails:4
  [1m[35m (0.1ms)[0m  [1m[36mbegin transaction[0m
  ↳ bin/rails:4
  [1m[36mActiveRecord::InternalMetadata Create (0.3ms)[0m  [1m[32mINSERT INTO "ar_internal_metadata" ("key", "value", "created_at", "updated_at") VALUES (?, ?, ?, ?)[0m  [["key", "environment"], ["value", "development"], ["created_at", "2019-06-13 20:05:53.991480"], ["updated_at", "2019-06-13 20:05:53.991480"]]
  ↳ bin/rails:4
  [1m[35m (4.0ms)[0m  [1m[36mcommit transaction[0m
  ↳ bin/rails:4
  [1m[35m (0.1ms)[0m  [1m[34mSELECT "schema_migrations"."version" FROM "schema_migrations" ORDER BY "schema_migrations"."version" ASC[0m
  ↳ bin/rails:4
Started GET "/todos" for 186.159.182.65 at 2019-06-13 20:16:16 +0000
  [1m[35m (0.2ms)[0m  [1m[34mSELECT "schema_migrations"."version" FROM "schema_migrations" ORDER BY "schema_migrations"."version" ASC[0m
  ↳ vendor/bundle/ruby/2.5.0/gems/activerecord-5.2.3/lib/active_record/log_subscriber.rb:98
Processing by TodosController#index as HTML
  [1m[36mTodo Load (0.2ms)[0m  [1m[34mSELECT "todos".* FROM "todos"[0m
  ↳ app/controllers/concerns/response.rb:3
Completed 200 OK in 5ms (Views: 1.6ms | ActiveRecord: 0.5ms)


Started GET "/favicon.ico" for 186.159.182.65 at 2019-06-13 20:16:17 +0000
  
ActionController::RoutingError (No route matches [GET] "/favicon.ico"):
  
vendor/bundle/ruby/2.5.0/gems/actionpack-5.2.3/lib/action_dispatch/middleware/debug_exceptions.rb:65:in `call'
vendor/bundle/ruby/2.5.0/gems/actionpack-5.2.3/lib/action_dispatch/middleware/show_exceptions.rb:33:in `call'
vendor/bundle/ruby/2.5.0/gems/railties-5.2.3/lib/rails/rack/logger.rb:38:in `call_app'
vendor/bundle/ruby/2.5.0/gems/railties-5.2.3/lib/rails/rack/logger.rb:26:in `block in call'
vendor/bundle/ruby/2.5.0/gems/activesupport-5.2.3/lib/active_support/tagged_logging.rb:71:in `block in tagged'
vendor/bundle/ruby/2.5.0/gems/activesupport-5.2.3/lib/active_support/tagged_logging.rb:28:in `tagged'
vendor/bundle/ruby/2.5.0/gems/activesupport-5.2.3/lib/active_support/tagged_logging.rb:71:in `tagged'
vendor/bundle/ruby/2.5.0/gems/railties-5.2.3/lib/rails/rack/logger.rb:26:in `call'
vendor/bundle/ruby/2.5.0/gems/actionpack-5.2.3/lib/action_dispatch/middleware/remote_ip.rb:81:in `call'
vendor/bundle/ruby/2.5.0/gems/actionpack-5.2.3/lib/action_dispatch/middleware/request_id.rb:27:in `call'
vendor/bundle/ruby/2.5.0/gems/rack-2.0.7/lib/rack/runtime.rb:22:in `call'
vendor/bundle/ruby/2.5.0/gems/activesupport-5.2.3/lib/active_support/cache/strategy/local_cache_middleware.rb:29:in `call'
vendor/bundle/ruby/2.5.0/gems/actionpack-5.2.3/lib/action_dispatch/middleware/executor.rb:14:in `call'
vendor/bundle/ruby/2.5.0/gems/actionpack-5.2.3/lib/action_dispatch/middleware/static.rb:127:in `call'
vendor/bundle/ruby/2.5.0/gems/rack-2.0.7/lib/rack/sendfile.rb:111:in `call'
vendor/bundle/ruby/2.5.0/gems/railties-5.2.3/lib/rails/engine.rb:524:in `call'
vendor/bundle/ruby/2.5.0/gems/puma-3.12.1/lib/puma/configuration.rb:227:in `call'
vendor/bundle/ruby/2.5.0/gems/puma-3.12.1/lib/puma/server.rb:660:in `handle_request'
vendor/bundle/ruby/2.5.0/gems/puma-3.12.1/lib/puma/server.rb:474:in `process_client'
vendor/bundle/ruby/2.5.0/gems/puma-3.12.1/lib/puma/server.rb:334:in `block in run'
vendor/bundle/ruby/2.5.0/gems/puma-3.12.1/lib/puma/thread_pool.rb:135:in `block in spawn_thread'
Started GET "/todos" for 152.231.191.181 at 2019-06-13 20:20:33 +0000
Processing by TodosController#index as HTML
  [1m[36mTodo Load (0.1ms)[0m  [1m[34mSELECT "todos".* FROM "todos"[0m
  ↳ app/controllers/concerns/response.rb:3
Completed 200 OK in 1ms (Views: 1.0ms | ActiveRecord: 0.1ms)


Started GET "/favicon.ico" for 152.231.191.181 at 2019-06-13 20:20:34 +0000
  
ActionController::RoutingError (No route matches [GET] "/favicon.ico"):
  
vendor/bundle/ruby/2.5.0/gems/actionpack-5.2.3/lib/action_dispatch/middleware/debug_exceptions.rb:65:in `call'
vendor/bundle/ruby/2.5.0/gems/actionpack-5.2.3/lib/action_dispatch/middleware/show_exceptions.rb:33:in `call'
vendor/bundle/ruby/2.5.0/gems/railties-5.2.3/lib/rails/rack/logger.rb:38:in `call_app'
vendor/bundle/ruby/2.5.0/gems/railties-5.2.3/lib/rails/rack/logger.rb:26:in `block in call'
vendor/bundle/ruby/2.5.0/gems/activesupport-5.2.3/lib/active_support/tagged_logging.rb:71:in `block in tagged'
vendor/bundle/ruby/2.5.0/gems/activesupport-5.2.3/lib/active_support/tagged_logging.rb:28:in `tagged'
vendor/bundle/ruby/2.5.0/gems/activesupport-5.2.3/lib/active_support/tagged_logging.rb:71:in `tagged'
vendor/bundle/ruby/2.5.0/gems/railties-5.2.3/lib/rails/rack/logger.rb:26:in `call'
vendor/bundle/ruby/2.5.0/gems/actionpack-5.2.3/lib/action_dispatch/middleware/remote_ip.rb:81:in `call'
vendor/bundle/ruby/2.5.0/gems/actionpack-5.2.3/lib/action_dispatch/middleware/request_id.rb:27:in `call'
vendor/bundle/ruby/2.5.0/gems/rack-2.0.7/lib/rack/runtime.rb:22:in `call'
vendor/bundle/ruby/2.5.0/gems/activesupport-5.2.3/lib/active_support/cache/strategy/local_cache_middleware.rb:29:in `call'
vendor/bundle/ruby/2.5.0/gems/actionpack-5.2.3/lib/action_dispatch/middleware/executor.rb:14:in `call'
vendor/bundle/ruby/2.5.0/gems/actionpack-5.2.3/lib/action_dispatch/middleware/static.rb:127:in `call'
vendor/bundle/ruby/2.5.0/gems/rack-2.0.7/lib/rack/sendfile.rb:111:in `call'
vendor/bundle/ruby/2.5.0/gems/railties-5.2.3/lib/rails/engine.rb:524:in `call'
vendor/bundle/ruby/2.5.0/gems/puma-3.12.1/lib/puma/configuration.rb:227:in `call'
vendor/bundle/ruby/2.5.0/gems/puma-3.12.1/lib/puma/server.rb:660:in `handle_request'
vendor/bundle/ruby/2.5.0/gems/puma-3.12.1/lib/puma/server.rb:474:in `process_client'
vendor/bundle/ruby/2.5.0/gems/puma-3.12.1/lib/puma/server.rb:334:in `block in run'
vendor/bundle/ruby/2.5.0/gems/puma-3.12.1/lib/puma/thread_pool.rb:135:in `block in spawn_thread'
Started GET "/todos" for 170.246.148.52 at 2019-06-14 01:15:38 +0000
  [1m[35m (0.2ms)[0m  [1m[34mSELECT "schema_migrations"."version" FROM "schema_migrations" ORDER BY "schema_migrations"."version" ASC[0m
  ↳ vendor/bundle/ruby/2.5.0/gems/activerecord-5.2.3/lib/active_record/log_subscriber.rb:98
Processing by TodosController#index as */*
  [1m[36mTodo Load (0.2ms)[0m  [1m[34mSELECT "todos".* FROM "todos"[0m
  ↳ app/controllers/concerns/response.rb:3
Completed 200 OK in 6ms (Views: 1.8ms | ActiveRecord: 0.5ms)


  [1m[35m (0.2ms)[0m  [1m[34mSELECT "schema_migrations"."version" FROM "schema_migrations" ORDER BY "schema_migrations"."version" ASC[0m
  ↳ bin/rails:4
Migrating to CreateTes (20190614021110)
  [1m[35m (0.1ms)[0m  [1m[36mbegin transaction[0m
  ↳ bin/rails:4
  [1m[35m (0.1ms)[0m  [1m[34mSELECT sqlite_version(*)[0m
  ↳ db/migrate/20190614021110_create_tes.rb:3
  [1m[35m (0.3ms)[0m  [1m[35mCREATE TABLE "tes" ("id" integer PRIMARY KEY AUTOINCREMENT NOT NULL, "name" varchar, "lastname" varchar, "created_at" datetime NOT NULL, "updated_at" datetime NOT NULL)[0m
  ↳ db/migrate/20190614021110_create_tes.rb:3
  [1m[36mActiveRecord::SchemaMigration Create (0.1ms)[0m  [1m[32mINSERT INTO "schema_migrations" ("version") VALUES (?)[0m  [["version", "20190614021110"]]
  ↳ bin/rails:4
  [1m[35m (6.9ms)[0m  [1m[36mcommit transaction[0m
  ↳ bin/rails:4
  [1m[36mActiveRecord::InternalMetadata Load (0.2ms)[0m  [1m[34mSELECT  "ar_internal_metadata".* FROM "ar_internal_metadata" WHERE "ar_internal_metadata"."key" = ? LIMIT ?[0m  [["key", "environment"], ["LIMIT", 1]]
  ↳ bin/rails:4
  [1m[35m (0.1ms)[0m  [1m[36mbegin transaction[0m
  ↳ bin/rails:4
  [1m[35m (0.1ms)[0m  [1m[36mcommit transaction[0m
  ↳ bin/rails:4
  [1m[35m (0.1ms)[0m  [1m[34mSELECT "schema_migrations"."version" FROM "schema_migrations" ORDER BY "schema_migrations"."version" ASC[0m
  ↳ bin/rails:4
  [1m[35m (0.1ms)[0m  [1m[34mSELECT "schema_migrations"."version" FROM "schema_migrations" ORDER BY "schema_migrations"."version" ASC[0m
  ↳ bin/rails:4
Migrating to CreateDemos (20190614023717)
  [1m[35m (0.1ms)[0m  [1m[36mbegin transaction[0m
  ↳ bin/rails:4
  [1m[35m (0.1ms)[0m  [1m[34mSELECT sqlite_version(*)[0m
  ↳ db/migrate/20190614023717_create_demos.rb:3
  [1m[35m (0.3ms)[0m  [1m[35mCREATE TABLE "demos" ("id" integer PRIMARY KEY AUTOINCREMENT NOT NULL, "title" varchar, "user" varchar, "created_at" datetime NOT NULL, "updated_at" datetime NOT NULL)[0m
  ↳ db/migrate/20190614023717_create_demos.rb:3
  [1m[36mActiveRecord::SchemaMigration Create (0.2ms)[0m  [1m[32mINSERT INTO "schema_migrations" ("version") VALUES (?)[0m  [["version", "20190614023717"]]
  ↳ bin/rails:4
  [1m[35m (12.5ms)[0m  [1m[36mcommit transaction[0m
  ↳ bin/rails:4
  [1m[36mActiveRecord::InternalMetadata Load (0.2ms)[0m  [1m[34mSELECT  "ar_internal_metadata".* FROM "ar_internal_metadata" WHERE "ar_internal_metadata"."key" = ? LIMIT ?[0m  [["key", "environment"], ["LIMIT", 1]]
  ↳ bin/rails:4
  [1m[35m (0.1ms)[0m  [1m[36mbegin transaction[0m
  ↳ bin/rails:4
  [1m[35m (0.0ms)[0m  [1m[36mcommit transaction[0m
  ↳ bin/rails:4
  [1m[35m (0.1ms)[0m  [1m[34mSELECT "schema_migrations"."version" FROM "schema_migrations" ORDER BY "schema_migrations"."version" ASC[0m
  ↳ bin/rails:4
  [1m[35m (0.1ms)[0m  [1m[34mSELECT "schema_migrations"."version" FROM "schema_migrations" ORDER BY "schema_migrations"."version" ASC[0m
  ↳ bin/rails:4
  [1m[36mActiveRecord::InternalMetadata Load (0.2ms)[0m  [1m[34mSELECT  "ar_internal_metadata".* FROM "ar_internal_metadata" WHERE "ar_internal_metadata"."key" = ? LIMIT ?[0m  [["key", "environment"], ["LIMIT", 1]]
  ↳ bin/rails:4
  [1m[35m (0.1ms)[0m  [1m[36mbegin transaction[0m
  ↳ bin/rails:4
  [1m[35m (0.1ms)[0m  [1m[36mcommit transaction[0m
  ↳ bin/rails:4
  [1m[35m (0.1ms)[0m  [1m[34mSELECT "schema_migrations"."version" FROM "schema_migrations" ORDER BY "schema_migrations"."version" ASC[0m
  ↳ bin/rails:4
  [1m[35m (0.2ms)[0m  [1m[34mSELECT "schema_migrations"."version" FROM "schema_migrations" ORDER BY "schema_migrations"."version" ASC[0m
  ↳ bin/rails:4
  [1m[36mActiveRecord::InternalMetadata Load (0.2ms)[0m  [1m[34mSELECT  "ar_internal_metadata".* FROM "ar_internal_metadata" WHERE "ar_internal_metadata"."key" = ? LIMIT ?[0m  [["key", "environment"], ["LIMIT", 1]]
  ↳ bin/rails:4
  [1m[35m (0.1ms)[0m  [1m[36mbegin transaction[0m
  ↳ bin/rails:4
  [1m[35m (0.1ms)[0m  [1m[36mcommit transaction[0m
  ↳ bin/rails:4
  [1m[35m (0.1ms)[0m  [1m[34mSELECT "schema_migrations"."version" FROM "schema_migrations" ORDER BY "schema_migrations"."version" ASC[0m
  ↳ bin/rails:4
  [1m[35m (0.2ms)[0m  [1m[34mSELECT "schema_migrations"."version" FROM "schema_migrations" ORDER BY "schema_migrations"."version" ASC[0m
  ↳ bin/rails:4
  [1m[36mActiveRecord::InternalMetadata Load (0.2ms)[0m  [1m[34mSELECT  "ar_internal_metadata".* FROM "ar_internal_metadata" WHERE "ar_internal_metadata"."key" = ? LIMIT ?[0m  [["key", "environment"], ["LIMIT", 1]]
  ↳ bin/rails:4
  [1m[35m (0.1ms)[0m  [1m[36mbegin transaction[0m
  ↳ bin/rails:4
  [1m[35m (0.0ms)[0m  [1m[36mcommit transaction[0m
  ↳ bin/rails:4
  [1m[35m (0.1ms)[0m  [1m[34mSELECT "schema_migrations"."version" FROM "schema_migrations" ORDER BY "schema_migrations"."version" ASC[0m
  ↳ bin/rails:4
Started GET "/demo" for 170.246.148.52 at 2019-06-14 03:15:57 +0000
  [1m[35m (0.2ms)[0m  [1m[34mSELECT "schema_migrations"."version" FROM "schema_migrations" ORDER BY "schema_migrations"."version" ASC[0m
  ↳ vendor/bundle/ruby/2.5.0/gems/activerecord-5.2.3/lib/active_record/log_subscriber.rb:98
  
ActionController::RoutingError (No route matches [GET] "/demo"):
  
vendor/bundle/ruby/2.5.0/gems/actionpack-5.2.3/lib/action_dispatch/middleware/debug_exceptions.rb:65:in `call'
vendor/bundle/ruby/2.5.0/gems/actionpack-5.2.3/lib/action_dispatch/middleware/show_exceptions.rb:33:in `call'
vendor/bundle/ruby/2.5.0/gems/railties-5.2.3/lib/rails/rack/logger.rb:38:in `call_app'
vendor/bundle/ruby/2.5.0/gems/railties-5.2.3/lib/rails/rack/logger.rb:26:in `block in call'
vendor/bundle/ruby/2.5.0/gems/activesupport-5.2.3/lib/active_support/tagged_logging.rb:71:in `block in tagged'
vendor/bundle/ruby/2.5.0/gems/activesupport-5.2.3/lib/active_support/tagged_logging.rb:28:in `tagged'
vendor/bundle/ruby/2.5.0/gems/activesupport-5.2.3/lib/active_support/tagged_logging.rb:71:in `tagged'
vendor/bundle/ruby/2.5.0/gems/railties-5.2.3/lib/rails/rack/logger.rb:26:in `call'
vendor/bundle/ruby/2.5.0/gems/actionpack-5.2.3/lib/action_dispatch/middleware/remote_ip.rb:81:in `call'
vendor/bundle/ruby/2.5.0/gems/actionpack-5.2.3/lib/action_dispatch/middleware/request_id.rb:27:in `call'
vendor/bundle/ruby/2.5.0/gems/rack-2.0.7/lib/rack/runtime.rb:22:in `call'
vendor/bundle/ruby/2.5.0/gems/activesupport-5.2.3/lib/active_support/cache/strategy/local_cache_middleware.rb:29:in `call'
vendor/bundle/ruby/2.5.0/gems/actionpack-5.2.3/lib/action_dispatch/middleware/executor.rb:14:in `call'
vendor/bundle/ruby/2.5.0/gems/actionpack-5.2.3/lib/action_dispatch/middleware/static.rb:127:in `call'
vendor/bundle/ruby/2.5.0/gems/rack-2.0.7/lib/rack/sendfile.rb:111:in `call'
vendor/bundle/ruby/2.5.0/gems/railties-5.2.3/lib/rails/engine.rb:524:in `call'
vendor/bundle/ruby/2.5.0/gems/puma-3.12.1/lib/puma/configuration.rb:227:in `call'
vendor/bundle/ruby/2.5.0/gems/puma-3.12.1/lib/puma/server.rb:660:in `handle_request'
vendor/bundle/ruby/2.5.0/gems/puma-3.12.1/lib/puma/server.rb:474:in `process_client'
vendor/bundle/ruby/2.5.0/gems/puma-3.12.1/lib/puma/server.rb:334:in `block in run'
vendor/bundle/ruby/2.5.0/gems/puma-3.12.1/lib/puma/thread_pool.rb:135:in `block in spawn_thread'
Started GET "/favicon.ico" for 170.246.148.52 at 2019-06-14 03:15:58 +0000
  
ActionController::RoutingError (No route matches [GET] "/favicon.ico"):
  
vendor/bundle/ruby/2.5.0/gems/actionpack-5.2.3/lib/action_dispatch/middleware/debug_exceptions.rb:65:in `call'
vendor/bundle/ruby/2.5.0/gems/actionpack-5.2.3/lib/action_dispatch/middleware/show_exceptions.rb:33:in `call'
vendor/bundle/ruby/2.5.0/gems/railties-5.2.3/lib/rails/rack/logger.rb:38:in `call_app'
vendor/bundle/ruby/2.5.0/gems/railties-5.2.3/lib/rails/rack/logger.rb:26:in `block in call'
vendor/bundle/ruby/2.5.0/gems/activesupport-5.2.3/lib/active_support/tagged_logging.rb:71:in `block in tagged'
vendor/bundle/ruby/2.5.0/gems/activesupport-5.2.3/lib/active_support/tagged_logging.rb:28:in `tagged'
vendor/bundle/ruby/2.5.0/gems/activesupport-5.2.3/lib/active_support/tagged_logging.rb:71:in `tagged'
vendor/bundle/ruby/2.5.0/gems/railties-5.2.3/lib/rails/rack/logger.rb:26:in `call'
vendor/bundle/ruby/2.5.0/gems/actionpack-5.2.3/lib/action_dispatch/middleware/remote_ip.rb:81:in `call'
vendor/bundle/ruby/2.5.0/gems/actionpack-5.2.3/lib/action_dispatch/middleware/request_id.rb:27:in `call'
vendor/bundle/ruby/2.5.0/gems/rack-2.0.7/lib/rack/runtime.rb:22:in `call'
vendor/bundle/ruby/2.5.0/gems/activesupport-5.2.3/lib/active_support/cache/strategy/local_cache_middleware.rb:29:in `call'
vendor/bundle/ruby/2.5.0/gems/actionpack-5.2.3/lib/action_dispatch/middleware/executor.rb:14:in `call'
vendor/bundle/ruby/2.5.0/gems/actionpack-5.2.3/lib/action_dispatch/middleware/static.rb:127:in `call'
vendor/bundle/ruby/2.5.0/gems/rack-2.0.7/lib/rack/sendfile.rb:111:in `call'
vendor/bundle/ruby/2.5.0/gems/railties-5.2.3/lib/rails/engine.rb:524:in `call'
vendor/bundle/ruby/2.5.0/gems/puma-3.12.1/lib/puma/configuration.rb:227:in `call'
vendor/bundle/ruby/2.5.0/gems/puma-3.12.1/lib/puma/server.rb:660:in `handle_request'
vendor/bundle/ruby/2.5.0/gems/puma-3.12.1/lib/puma/server.rb:474:in `process_client'
vendor/bundle/ruby/2.5.0/gems/puma-3.12.1/lib/puma/server.rb:334:in `block in run'
vendor/bundle/ruby/2.5.0/gems/puma-3.12.1/lib/puma/thread_pool.rb:135:in `block in spawn_thread'
  [1m[35m (0.3ms)[0m  [1m[34mSELECT "schema_migrations"."version" FROM "schema_migrations" ORDER BY "schema_migrations"."version" ASC[0m
  ↳ bin/rails:4
Migrating to CreateFacturas (20190620233848)
  [1m[35m (0.2ms)[0m  [1m[36mbegin transaction[0m
  ↳ bin/rails:4
  [1m[35m (0.1ms)[0m  [1m[34mSELECT sqlite_version(*)[0m
  ↳ db/migrate/20190620233848_create_facturas.rb:3
  [1m[35m (0.3ms)[0m  [1m[35mCREATE TABLE "facturas" ("id" integer PRIMARY KEY AUTOINCREMENT NOT NULL, "titulo" varchar, "creada_por" varchar, "fecha" date, "total" integer, "created_at" datetime NOT NULL, "updated_at" datetime NOT NULL)[0m
  ↳ db/migrate/20190620233848_create_facturas.rb:3
  [1m[36mActiveRecord::SchemaMigration Create (0.2ms)[0m  [1m[32mINSERT INTO "schema_migrations" ("version") VALUES (?)[0m  [["version", "20190620233848"]]
  ↳ bin/rails:4
  [1m[35m (33.4ms)[0m  [1m[36mcommit transaction[0m
  ↳ bin/rails:4
Migrating to CreateProductos (20190620233905)
  [1m[35m (0.1ms)[0m  [1m[36mbegin transaction[0m
  ↳ bin/rails:4
  [1m[35m (0.4ms)[0m  [1m[35mCREATE TABLE "productos" ("id" integer PRIMARY KEY AUTOINCREMENT NOT NULL, "factura_id" integer, "nombre" varchar, "cantidad" integer, "precio" integer, "created_at" datetime NOT NULL, "updated_at" datetime NOT NULL, CONSTRAINT "fk_rails_d61a8cb563"
FOREIGN KEY ("factura_id")
  REFERENCES "facturas" ("id")
)[0m
  ↳ db/migrate/20190620233905_create_productos.rb:3
  [1m[35m (0.2ms)[0m  [1m[35mCREATE  INDEX "index_productos_on_factura_id" ON "productos" ("factura_id")[0m
  ↳ db/migrate/20190620233905_create_productos.rb:3
  [1m[36mActiveRecord::SchemaMigration Create (0.2ms)[0m  [1m[32mINSERT INTO "schema_migrations" ("version") VALUES (?)[0m  [["version", "20190620233905"]]
  ↳ bin/rails:4
  [1m[35m (21.0ms)[0m  [1m[36mcommit transaction[0m
  ↳ bin/rails:4
  [1m[36mActiveRecord::InternalMetadata Load (0.4ms)[0m  [1m[34mSELECT  "ar_internal_metadata".* FROM "ar_internal_metadata" WHERE "ar_internal_metadata"."key" = ? LIMIT ?[0m  [["key", "environment"], ["LIMIT", 1]]
  ↳ bin/rails:4
  [1m[35m (0.1ms)[0m  [1m[36mbegin transaction[0m
  ↳ bin/rails:4
  [1m[35m (0.0ms)[0m  [1m[36mcommit transaction[0m
  ↳ bin/rails:4
  [1m[35m (0.1ms)[0m  [1m[34mSELECT "schema_migrations"."version" FROM "schema_migrations" ORDER BY "schema_migrations"."version" ASC[0m
  ↳ bin/rails:4
Started GET "/facturas" for 170.246.148.52 at 2019-06-21 00:25:31 +0000
  [1m[35m (0.2ms)[0m  [1m[34mSELECT "schema_migrations"."version" FROM "schema_migrations" ORDER BY "schema_migrations"."version" ASC[0m
  ↳ vendor/bundle/ruby/2.5.0/gems/activerecord-5.2.3/lib/active_record/log_subscriber.rb:98
Processing by FacturasController#index as HTML
  [1m[36mFactura Load (0.2ms)[0m  [1m[34mSELECT "facturas".* FROM "facturas"[0m
  ↳ app/controllers/concerns/response.rb:3
Completed 200 OK in 6ms (Views: 1.8ms | ActiveRecord: 0.5ms)


Started GET "/favicon.ico" for 170.246.148.52 at 2019-06-21 00:25:31 +0000
  
ActionController::RoutingError (No route matches [GET] "/favicon.ico"):
  
vendor/bundle/ruby/2.5.0/gems/actionpack-5.2.3/lib/action_dispatch/middleware/debug_exceptions.rb:65:in `call'
vendor/bundle/ruby/2.5.0/gems/actionpack-5.2.3/lib/action_dispatch/middleware/show_exceptions.rb:33:in `call'
vendor/bundle/ruby/2.5.0/gems/railties-5.2.3/lib/rails/rack/logger.rb:38:in `call_app'
vendor/bundle/ruby/2.5.0/gems/railties-5.2.3/lib/rails/rack/logger.rb:26:in `block in call'
vendor/bundle/ruby/2.5.0/gems/activesupport-5.2.3/lib/active_support/tagged_logging.rb:71:in `block in tagged'
vendor/bundle/ruby/2.5.0/gems/activesupport-5.2.3/lib/active_support/tagged_logging.rb:28:in `tagged'
vendor/bundle/ruby/2.5.0/gems/activesupport-5.2.3/lib/active_support/tagged_logging.rb:71:in `tagged'
vendor/bundle/ruby/2.5.0/gems/railties-5.2.3/lib/rails/rack/logger.rb:26:in `call'
vendor/bundle/ruby/2.5.0/gems/actionpack-5.2.3/lib/action_dispatch/middleware/remote_ip.rb:81:in `call'
vendor/bundle/ruby/2.5.0/gems/actionpack-5.2.3/lib/action_dispatch/middleware/request_id.rb:27:in `call'
vendor/bundle/ruby/2.5.0/gems/rack-2.0.7/lib/rack/runtime.rb:22:in `call'
vendor/bundle/ruby/2.5.0/gems/activesupport-5.2.3/lib/active_support/cache/strategy/local_cache_middleware.rb:29:in `call'
vendor/bundle/ruby/2.5.0/gems/actionpack-5.2.3/lib/action_dispatch/middleware/executor.rb:14:in `call'
vendor/bundle/ruby/2.5.0/gems/actionpack-5.2.3/lib/action_dispatch/middleware/static.rb:127:in `call'
vendor/bundle/ruby/2.5.0/gems/rack-2.0.7/lib/rack/sendfile.rb:111:in `call'
vendor/bundle/ruby/2.5.0/gems/railties-5.2.3/lib/rails/engine.rb:524:in `call'
vendor/bundle/ruby/2.5.0/gems/puma-3.12.1/lib/puma/configuration.rb:227:in `call'
vendor/bundle/ruby/2.5.0/gems/puma-3.12.1/lib/puma/server.rb:660:in `handle_request'
vendor/bundle/ruby/2.5.0/gems/puma-3.12.1/lib/puma/server.rb:474:in `process_client'
vendor/bundle/ruby/2.5.0/gems/puma-3.12.1/lib/puma/server.rb:334:in `block in run'
vendor/bundle/ruby/2.5.0/gems/puma-3.12.1/lib/puma/thread_pool.rb:135:in `block in spawn_thread'
Started GET "/facturas" for 170.246.148.52 at 2019-06-21 00:27:15 +0000
Processing by FacturasController#index as */*
  [1m[36mFactura Load (0.2ms)[0m  [1m[34mSELECT "facturas".* FROM "facturas"[0m
  ↳ app/controllers/concerns/response.rb:3
Completed 200 OK in 2ms (Views: 1.2ms | ActiveRecord: 0.2ms)


Started GET "/facturas/1" for 170.246.148.52 at 2019-06-21 00:43:05 +0000
Processing by FacturasController#show as */*
  Parameters: {"id"=>"1"}
  [1m[36mFactura Load (0.3ms)[0m  [1m[34mSELECT  "facturas".* FROM "facturas" WHERE "facturas"."id" = ? LIMIT ?[0m  [["id", 1], ["LIMIT", 1]]
  ↳ app/controllers/facturas_controller.rb:41
Completed 404 Not Found in 13ms (Views: 0.4ms | ActiveRecord: 0.8ms)


Started POST "/facturas" for 170.246.148.52 at 2019-06-21 00:50:47 +0000
Processing by FacturasController#create as */*
  [1m[35m (0.2ms)[0m  [1m[36mbegin transaction[0m
  ↳ app/controllers/facturas_controller.rb:12
  [1m[36mFactura Create (1.1ms)[0m  [1m[32mINSERT INTO "facturas" ("created_at", "updated_at") VALUES (?, ?)[0m  [["created_at", "2019-06-21 00:50:47.230764"], ["updated_at", "2019-06-21 00:50:47.230764"]]
  ↳ app/controllers/facturas_controller.rb:12
  [1m[35m (24.2ms)[0m  [1m[36mcommit transaction[0m
  ↳ app/controllers/facturas_controller.rb:12
Completed 201 Created in 37ms (Views: 0.8ms | ActiveRecord: 25.7ms)


Started POST "/facturas" for 170.246.148.52 at 2019-06-21 00:51:06 +0000
Processing by FacturasController#create as */*
  [1m[35m (0.1ms)[0m  [1m[36mbegin transaction[0m
  ↳ app/controllers/facturas_controller.rb:12
  [1m[36mFactura Create (1.0ms)[0m  [1m[32mINSERT INTO "facturas" ("created_at", "updated_at") VALUES (?, ?)[0m  [["created_at", "2019-06-21 00:51:06.559486"], ["updated_at", "2019-06-21 00:51:06.559486"]]
  ↳ app/controllers/facturas_controller.rb:12
  [1m[35m (4.7ms)[0m  [1m[36mcommit transaction[0m
  ↳ app/controllers/facturas_controller.rb:12
Completed 201 Created in 10ms (Views: 0.5ms | ActiveRecord: 5.8ms)


Started GET "/facturas" for 170.246.148.52 at 2019-06-21 00:52:07 +0000
Processing by FacturasController#index as */*
  [1m[36mFactura Load (0.3ms)[0m  [1m[34mSELECT "facturas".* FROM "facturas"[0m
  ↳ app/controllers/concerns/response.rb:3
Completed 200 OK in 9ms (Views: 8.6ms | ActiveRecord: 0.3ms)


Started DELETE "/facturas" for 170.246.148.52 at 2019-06-21 00:53:30 +0000
  
ActionController::RoutingError (No route matches [DELETE] "/facturas"):
  
vendor/bundle/ruby/2.5.0/gems/actionpack-5.2.3/lib/action_dispatch/middleware/debug_exceptions.rb:65:in `call'
vendor/bundle/ruby/2.5.0/gems/actionpack-5.2.3/lib/action_dispatch/middleware/show_exceptions.rb:33:in `call'
vendor/bundle/ruby/2.5.0/gems/railties-5.2.3/lib/rails/rack/logger.rb:38:in `call_app'
vendor/bundle/ruby/2.5.0/gems/railties-5.2.3/lib/rails/rack/logger.rb:26:in `block in call'
vendor/bundle/ruby/2.5.0/gems/activesupport-5.2.3/lib/active_support/tagged_logging.rb:71:in `block in tagged'
vendor/bundle/ruby/2.5.0/gems/activesupport-5.2.3/lib/active_support/tagged_logging.rb:28:in `tagged'
vendor/bundle/ruby/2.5.0/gems/activesupport-5.2.3/lib/active_support/tagged_logging.rb:71:in `tagged'
vendor/bundle/ruby/2.5.0/gems/railties-5.2.3/lib/rails/rack/logger.rb:26:in `call'
vendor/bundle/ruby/2.5.0/gems/actionpack-5.2.3/lib/action_dispatch/middleware/remote_ip.rb:81:in `call'
vendor/bundle/ruby/2.5.0/gems/actionpack-5.2.3/lib/action_dispatch/middleware/request_id.rb:27:in `call'
vendor/bundle/ruby/2.5.0/gems/rack-2.0.7/lib/rack/runtime.rb:22:in `call'
vendor/bundle/ruby/2.5.0/gems/activesupport-5.2.3/lib/active_support/cache/strategy/local_cache_middleware.rb:29:in `call'
vendor/bundle/ruby/2.5.0/gems/actionpack-5.2.3/lib/action_dispatch/middleware/executor.rb:14:in `call'
vendor/bundle/ruby/2.5.0/gems/actionpack-5.2.3/lib/action_dispatch/middleware/static.rb:127:in `call'
vendor/bundle/ruby/2.5.0/gems/rack-2.0.7/lib/rack/sendfile.rb:111:in `call'
vendor/bundle/ruby/2.5.0/gems/railties-5.2.3/lib/rails/engine.rb:524:in `call'
vendor/bundle/ruby/2.5.0/gems/puma-3.12.1/lib/puma/configuration.rb:227:in `call'
vendor/bundle/ruby/2.5.0/gems/puma-3.12.1/lib/puma/server.rb:660:in `handle_request'
vendor/bundle/ruby/2.5.0/gems/puma-3.12.1/lib/puma/server.rb:474:in `process_client'
vendor/bundle/ruby/2.5.0/gems/puma-3.12.1/lib/puma/server.rb:334:in `block in run'
vendor/bundle/ruby/2.5.0/gems/puma-3.12.1/lib/puma/thread_pool.rb:135:in `block in spawn_thread'
Started GET "/facturas" for 170.246.148.52 at 2019-06-21 00:54:08 +0000
Processing by FacturasController#index as */*
  [1m[36mFactura Load (0.2ms)[0m  [1m[34mSELECT "facturas".* FROM "facturas"[0m
  ↳ app/controllers/concerns/response.rb:3
Completed 200 OK in 3ms (Views: 2.2ms | ActiveRecord: 0.2ms)


Started DELETE "/facturas/1" for 170.246.148.52 at 2019-06-21 00:55:10 +0000
Processing by FacturasController#destroy as */*
  Parameters: {"id"=>"1"}
  [1m[36mFactura Load (0.3ms)[0m  [1m[34mSELECT  "facturas".* FROM "facturas" WHERE "facturas"."id" = ? LIMIT ?[0m  [["id", 1], ["LIMIT", 1]]
  ↳ app/controllers/facturas_controller.rb:41
  [1m[35m (0.1ms)[0m  [1m[36mbegin transaction[0m
  ↳ app/controllers/facturas_controller.rb:29
  [1m[36mProducto Load (0.2ms)[0m  [1m[34mSELECT "productos".* FROM "productos" WHERE "productos"."factura_id" = ?[0m  [["factura_id", 1]]
  ↳ app/controllers/facturas_controller.rb:29
  [1m[36mFactura Destroy (0.2ms)[0m  [1m[31mDELETE FROM "facturas" WHERE "facturas"."id" = ?[0m  [["id", 1]]
  ↳ app/controllers/facturas_controller.rb:29
  [1m[35m (4.9ms)[0m  [1m[36mcommit transaction[0m
  ↳ app/controllers/facturas_controller.rb:29
Completed 204 No Content in 43ms (ActiveRecord: 6.1ms)


Started DELETE "/facturas" for 170.246.148.52 at 2019-06-21 00:55:17 +0000
  
ActionController::RoutingError (No route matches [DELETE] "/facturas"):
  
vendor/bundle/ruby/2.5.0/gems/actionpack-5.2.3/lib/action_dispatch/middleware/debug_exceptions.rb:65:in `call'
vendor/bundle/ruby/2.5.0/gems/actionpack-5.2.3/lib/action_dispatch/middleware/show_exceptions.rb:33:in `call'
vendor/bundle/ruby/2.5.0/gems/railties-5.2.3/lib/rails/rack/logger.rb:38:in `call_app'
vendor/bundle/ruby/2.5.0/gems/railties-5.2.3/lib/rails/rack/logger.rb:26:in `block in call'
vendor/bundle/ruby/2.5.0/gems/activesupport-5.2.3/lib/active_support/tagged_logging.rb:71:in `block in tagged'
vendor/bundle/ruby/2.5.0/gems/activesupport-5.2.3/lib/active_support/tagged_logging.rb:28:in `tagged'
vendor/bundle/ruby/2.5.0/gems/activesupport-5.2.3/lib/active_support/tagged_logging.rb:71:in `tagged'
vendor/bundle/ruby/2.5.0/gems/railties-5.2.3/lib/rails/rack/logger.rb:26:in `call'
vendor/bundle/ruby/2.5.0/gems/actionpack-5.2.3/lib/action_dispatch/middleware/remote_ip.rb:81:in `call'
vendor/bundle/ruby/2.5.0/gems/actionpack-5.2.3/lib/action_dispatch/middleware/request_id.rb:27:in `call'
vendor/bundle/ruby/2.5.0/gems/rack-2.0.7/lib/rack/runtime.rb:22:in `call'
vendor/bundle/ruby/2.5.0/gems/activesupport-5.2.3/lib/active_support/cache/strategy/local_cache_middleware.rb:29:in `call'
vendor/bundle/ruby/2.5.0/gems/actionpack-5.2.3/lib/action_dispatch/middleware/executor.rb:14:in `call'
vendor/bundle/ruby/2.5.0/gems/actionpack-5.2.3/lib/action_dispatch/middleware/static.rb:127:in `call'
vendor/bundle/ruby/2.5.0/gems/rack-2.0.7/lib/rack/sendfile.rb:111:in `call'
vendor/bundle/ruby/2.5.0/gems/railties-5.2.3/lib/rails/engine.rb:524:in `call'
vendor/bundle/ruby/2.5.0/gems/puma-3.12.1/lib/puma/configuration.rb:227:in `call'
vendor/bundle/ruby/2.5.0/gems/puma-3.12.1/lib/puma/server.rb:660:in `handle_request'
vendor/bundle/ruby/2.5.0/gems/puma-3.12.1/lib/puma/server.rb:474:in `process_client'
vendor/bundle/ruby/2.5.0/gems/puma-3.12.1/lib/puma/server.rb:334:in `block in run'
vendor/bundle/ruby/2.5.0/gems/puma-3.12.1/lib/puma/thread_pool.rb:135:in `block in spawn_thread'
Started DELETE "/facturas/2" for 170.246.148.52 at 2019-06-21 00:55:27 +0000
Processing by FacturasController#destroy as */*
  Parameters: {"id"=>"2"}
  [1m[36mFactura Load (0.2ms)[0m  [1m[34mSELECT  "facturas".* FROM "facturas" WHERE "facturas"."id" = ? LIMIT ?[0m  [["id", 2], ["LIMIT", 1]]
  ↳ app/controllers/facturas_controller.rb:41
  [1m[35m (0.1ms)[0m  [1m[36mbegin transaction[0m
  ↳ app/controllers/facturas_controller.rb:29
  [1m[36mProducto Load (0.2ms)[0m  [1m[34mSELECT "productos".* FROM "productos" WHERE "productos"."factura_id" = ?[0m  [["factura_id", 2]]
  ↳ app/controllers/facturas_controller.rb:29
  [1m[36mFactura Destroy (0.9ms)[0m  [1m[31mDELETE FROM "facturas" WHERE "facturas"."id" = ?[0m  [["id", 2]]
  ↳ app/controllers/facturas_controller.rb:29
  [1m[35m (27.1ms)[0m  [1m[36mcommit transaction[0m
  ↳ app/controllers/facturas_controller.rb:29
Completed 204 No Content in 34ms (ActiveRecord: 28.5ms)


Started GET "/facturas/2" for 170.246.148.52 at 2019-06-21 00:55:34 +0000
Processing by FacturasController#show as */*
  Parameters: {"id"=>"2"}
  [1m[36mFactura Load (0.2ms)[0m  [1m[34mSELECT  "facturas".* FROM "facturas" WHERE "facturas"."id" = ? LIMIT ?[0m  [["id", 2], ["LIMIT", 1]]
  ↳ app/controllers/facturas_controller.rb:41
Completed 404 Not Found in 1ms (Views: 0.2ms | ActiveRecord: 0.2ms)


Started GET "/facturas" for 170.246.148.52 at 2019-06-21 00:55:39 +0000
Processing by FacturasController#index as */*
  [1m[36mFactura Load (0.1ms)[0m  [1m[34mSELECT "facturas".* FROM "facturas"[0m
  ↳ app/controllers/concerns/response.rb:3
Completed 200 OK in 2ms (Views: 1.1ms | ActiveRecord: 0.1ms)


Started POST "/facturas?titulo=Demo%20factura&creada_por=Isacc&fecha=18/01/2021" for 170.246.148.52 at 2019-06-21 01:03:12 +0000
Processing by FacturasController#create as */*
  Parameters: {"titulo"=>"Demo factura", "creada_por"=>"Isacc", "fecha"=>"18/01/2021"}
  [1m[35m (0.1ms)[0m  [1m[36mbegin transaction[0m
  ↳ app/controllers/facturas_controller.rb:12
  [1m[36mFactura Create (1.2ms)[0m  [1m[32mINSERT INTO "facturas" ("titulo", "creada_por", "fecha", "created_at", "updated_at") VALUES (?, ?, ?, ?, ?)[0m  [["titulo", "Demo factura"], ["creada_por", "Isacc"], ["fecha", "2021-01-18"], ["created_at", "2019-06-21 01:03:12.460981"], ["updated_at", "2019-06-21 01:03:12.460981"]]
  ↳ app/controllers/facturas_controller.rb:12
  [1m[35m (4.3ms)[0m  [1m[36mcommit transaction[0m
  ↳ app/controllers/facturas_controller.rb:12
Completed 201 Created in 12ms (Views: 0.7ms | ActiveRecord: 5.5ms)


Started GET "/facturas" for 170.246.148.52 at 2019-06-21 01:04:57 +0000
Processing by FacturasController#index as */*
  [1m[36mFactura Load (0.3ms)[0m  [1m[34mSELECT "facturas".* FROM "facturas"[0m
  ↳ app/controllers/concerns/response.rb:3
Completed 200 OK in 3ms (Views: 2.0ms | ActiveRecord: 0.3ms)


Started POST "/facturas/3/productos?nombre=celular&precio=250000&cantidad=1" for 170.246.148.52 at 2019-06-21 02:14:24 +0000
  [1m[35m (0.2ms)[0m  [1m[34mSELECT "schema_migrations"."version" FROM "schema_migrations" ORDER BY "schema_migrations"."version" ASC[0m
  ↳ vendor/bundle/ruby/2.5.0/gems/activerecord-5.2.3/lib/active_record/log_subscriber.rb:98
Processing by ProductosController#create as */*
  Parameters: {"nombre"=>"celular", "precio"=>"250000", "cantidad"=>"1", "factura_id"=>"3"}
  [1m[36mFactura Load (0.2ms)[0m  [1m[34mSELECT  "facturas".* FROM "facturas" WHERE "facturas"."id" = ? LIMIT ?[0m  [["id", 3], ["LIMIT", 1]]
  ↳ app/controllers/productos_controller.rb:40
Unpermitted parameter: :factura_id
  [1m[35m (0.1ms)[0m  [1m[36mbegin transaction[0m
  ↳ app/controllers/productos_controller.rb:17
  [1m[36mProducto Create (1.4ms)[0m  [1m[32mINSERT INTO "productos" ("factura_id", "nombre", "cantidad", "precio", "created_at", "updated_at") VALUES (?, ?, ?, ?, ?, ?)[0m  [["factura_id", 3], ["nombre", "celular"], ["cantidad", 1], ["precio", 250000], ["created_at", "2019-06-21 02:14:24.981168"], ["updated_at", "2019-06-21 02:14:24.981168"]]
  ↳ app/controllers/productos_controller.rb:17
  [1m[35m (5.8ms)[0m  [1m[36mcommit transaction[0m
  ↳ app/controllers/productos_controller.rb:17
Completed 201 Created in 41ms (Views: 0.7ms | ActiveRecord: 8.7ms)


Started GET "/facturas/3/productos" for 170.246.148.52 at 2019-06-21 02:14:51 +0000
Processing by ProductosController#index as */*
  Parameters: {"factura_id"=>"3"}
  [1m[36mFactura Load (0.2ms)[0m  [1m[34mSELECT  "facturas".* FROM "facturas" WHERE "facturas"."id" = ? LIMIT ?[0m  [["id", 3], ["LIMIT", 1]]
  ↳ app/controllers/productos_controller.rb:40
  [1m[36mProducto Load (0.2ms)[0m  [1m[34mSELECT "productos".* FROM "productos" WHERE "productos"."factura_id" = ?[0m  [["factura_id", 3]]
  ↳ app/controllers/concerns/response.rb:3
Completed 200 OK in 4ms (Views: 2.1ms | ActiveRecord: 0.4ms)


Started POST "/facturas/3/productos?nombre=RAM&precio=12000&cantidad=2" for 170.246.148.52 at 2019-06-21 02:18:09 +0000
Processing by ProductosController#create as */*
  Parameters: {"nombre"=>"RAM", "precio"=>"12000", "cantidad"=>"2", "factura_id"=>"3"}
  [1m[36mFactura Load (0.4ms)[0m  [1m[34mSELECT  "facturas".* FROM "facturas" WHERE "facturas"."id" = ? LIMIT ?[0m  [["id", 3], ["LIMIT", 1]]
  ↳ app/controllers/productos_controller.rb:40
Unpermitted parameter: :factura_id
  [1m[35m (0.4ms)[0m  [1m[36mbegin transaction[0m
  ↳ app/controllers/productos_controller.rb:17
  [1m[36mProducto Create (1.2ms)[0m  [1m[32mINSERT INTO "productos" ("factura_id", "nombre", "cantidad", "precio", "created_at", "updated_at") VALUES (?, ?, ?, ?, ?, ?)[0m  [["factura_id", 3], ["nombre", "RAM"], ["cantidad", 2], ["precio", 12000], ["created_at", "2019-06-21 02:18:09.036487"], ["updated_at", "2019-06-21 02:18:09.036487"]]
  ↳ app/controllers/productos_controller.rb:17
  [1m[35m (4.7ms)[0m  [1m[36mcommit transaction[0m
  ↳ app/controllers/productos_controller.rb:17
Completed 201 Created in 19ms (Views: 1.0ms | ActiveRecord: 6.7ms)


Started GET "/facturas/3/productos" for 170.246.148.52 at 2019-06-21 02:18:25 +0000
Processing by ProductosController#index as */*
  Parameters: {"factura_id"=>"3"}
  [1m[36mFactura Load (0.2ms)[0m  [1m[34mSELECT  "facturas".* FROM "facturas" WHERE "facturas"."id" = ? LIMIT ?[0m  [["id", 3], ["LIMIT", 1]]
  ↳ app/controllers/productos_controller.rb:40
  [1m[36mProducto Load (0.1ms)[0m  [1m[34mSELECT "productos".* FROM "productos" WHERE "productos"."factura_id" = ?[0m  [["factura_id", 3]]
  ↳ app/controllers/concerns/response.rb:3
Completed 200 OK in 4ms (Views: 2.1ms | ActiveRecord: 0.4ms)


Started GET "/facturas/3" for 170.246.148.52 at 2019-06-21 02:20:33 +0000
Processing by FacturasController#show as */*
  Parameters: {"id"=>"3"}
  [1m[36mFactura Load (0.3ms)[0m  [1m[34mSELECT  "facturas".* FROM "facturas" WHERE "facturas"."id" = ? LIMIT ?[0m  [["id", 3], ["LIMIT", 1]]
  ↳ app/controllers/facturas_controller.rb:41
Completed 200 OK in 3ms (Views: 0.9ms | ActiveRecord: 0.3ms)


