  [1m[35m (0.1ms)[0m  [1m[34mSELECT sqlite_version(*)[0m
  ↳ bin/rails:4
  [1m[35m (11.3ms)[0m  [1m[35mCREATE TABLE "schema_migrations" ("version" varchar NOT NULL PRIMARY KEY)[0m
  ↳ bin/rails:4
  [1m[35m (5.2ms)[0m  [1m[35mCREATE TABLE "ar_internal_metadata" ("key" varchar NOT NULL PRIMARY KEY, "value" varchar, "created_at" datetime NOT NULL, "updated_at" datetime NOT NULL)[0m
  ↳ bin/rails:4
  [1m[35m (0.2ms)[0m  [1m[34mSELECT "schema_migrations"."version" FROM "schema_migrations" ORDER BY "schema_migrations"."version" ASC[0m
  ↳ bin/rails:4
Migrating to CreateTodos (20190717060314)
  [1m[35m (0.1ms)[0m  [1m[36mbegin transaction[0m
  ↳ bin/rails:4
  [1m[35m (0.7ms)[0m  [1m[35mCREATE TABLE "todos" ("id" integer PRIMARY KEY AUTOINCREMENT NOT NULL, "title" varchar, "created_by" varchar, "created_at" datetime NOT NULL, "updated_at" datetime NOT NULL)[0m
  ↳ db/migrate/20190717060314_create_todos.rb:3
  [1m[36mActiveRecord::SchemaMigration Create (0.1ms)[0m  [1m[32mINSERT INTO "schema_migrations" ("version") VALUES (?)[0m  [["version", "20190717060314"]]
  ↳ bin/rails:4
  [1m[35m (5.5ms)[0m  [1m[36mcommit transaction[0m
  ↳ bin/rails:4
Migrating to CreateItems (20190717060329)
  [1m[35m (0.1ms)[0m  [1m[36mbegin transaction[0m
  ↳ bin/rails:4
  [1m[35m (0.4ms)[0m  [1m[35mCREATE TABLE "items" ("id" integer PRIMARY KEY AUTOINCREMENT NOT NULL, "name" varchar, "done" boolean, "todo_id" integer, "created_at" datetime NOT NULL, "updated_at" datetime NOT NULL, CONSTRAINT "fk_rails_c01e6b449d"
FOREIGN KEY ("todo_id")
  REFERENCES "todos" ("id")
)[0m
  ↳ db/migrate/20190717060329_create_items.rb:3
  [1m[35m (0.1ms)[0m  [1m[35mCREATE  INDEX "index_items_on_todo_id" ON "items" ("todo_id")[0m
  ↳ db/migrate/20190717060329_create_items.rb:3
  [1m[36mActiveRecord::SchemaMigration Create (0.1ms)[0m  [1m[32mINSERT INTO "schema_migrations" ("version") VALUES (?)[0m  [["version", "20190717060329"]]
  ↳ bin/rails:4
  [1m[35m (5.4ms)[0m  [1m[36mcommit transaction[0m
  ↳ bin/rails:4
  [1m[36mActiveRecord::InternalMetadata Load (0.2ms)[0m  [1m[34mSELECT  "ar_internal_metadata".* FROM "ar_internal_metadata" WHERE "ar_internal_metadata"."key" = ? LIMIT ?[0m  [["key", "environment"], ["LIMIT", 1]]
  ↳ bin/rails:4
  [1m[35m (0.1ms)[0m  [1m[36mbegin transaction[0m
  ↳ bin/rails:4
  [1m[36mActiveRecord::InternalMetadata Create (0.3ms)[0m  [1m[32mINSERT INTO "ar_internal_metadata" ("key", "value", "created_at", "updated_at") VALUES (?, ?, ?, ?)[0m  [["key", "environment"], ["value", "development"], ["created_at", "2019-08-09 00:16:15.194256"], ["updated_at", "2019-08-09 00:16:15.194256"]]
  ↳ bin/rails:4
  [1m[35m (3.7ms)[0m  [1m[36mcommit transaction[0m
  ↳ bin/rails:4
  [1m[35m (0.1ms)[0m  [1m[34mSELECT "schema_migrations"."version" FROM "schema_migrations" ORDER BY "schema_migrations"."version" ASC[0m
  ↳ bin/rails:4
  [1m[35m (0.2ms)[0m  [1m[34mSELECT "schema_migrations"."version" FROM "schema_migrations" ORDER BY "schema_migrations"."version" ASC[0m
  ↳ bin/rails:4
Migrating to CreateUsers (20190809002553)
  [1m[35m (0.1ms)[0m  [1m[36mbegin transaction[0m
  ↳ bin/rails:4
  [1m[35m (0.1ms)[0m  [1m[34mSELECT sqlite_version(*)[0m
  ↳ db/migrate/20190809002553_create_users.rb:3
  [1m[35m (0.3ms)[0m  [1m[35mCREATE TABLE "users" ("id" integer PRIMARY KEY AUTOINCREMENT NOT NULL, "Nombre" varchar, "edad" integer, "created_at" datetime NOT NULL, "updated_at" datetime NOT NULL)[0m
  ↳ db/migrate/20190809002553_create_users.rb:3
  [1m[36mActiveRecord::SchemaMigration Create (0.1ms)[0m  [1m[32mINSERT INTO "schema_migrations" ("version") VALUES (?)[0m  [["version", "20190809002553"]]
  ↳ bin/rails:4
  [1m[35m (6.6ms)[0m  [1m[36mcommit transaction[0m
  ↳ bin/rails:4
  [1m[36mActiveRecord::InternalMetadata Load (0.2ms)[0m  [1m[34mSELECT  "ar_internal_metadata".* FROM "ar_internal_metadata" WHERE "ar_internal_metadata"."key" = ? LIMIT ?[0m  [["key", "environment"], ["LIMIT", 1]]
  ↳ bin/rails:4
  [1m[35m (0.1ms)[0m  [1m[36mbegin transaction[0m
  ↳ bin/rails:4
  [1m[35m (0.0ms)[0m  [1m[36mcommit transaction[0m
  ↳ bin/rails:4
  [1m[35m (0.1ms)[0m  [1m[34mSELECT "schema_migrations"."version" FROM "schema_migrations" ORDER BY "schema_migrations"."version" ASC[0m
  ↳ bin/rails:4
Started GET "/user" for 170.246.148.52 at 2019-08-09 01:31:27 +0000
  [1m[35m (0.2ms)[0m  [1m[34mSELECT "schema_migrations"."version" FROM "schema_migrations" ORDER BY "schema_migrations"."version" ASC[0m
  ↳ vendor/bundle/ruby/2.5.0/gems/activerecord-5.2.3/lib/active_record/log_subscriber.rb:98
  
ActionController::RoutingError (No route matches [GET] "/user"):
  
vendor/bundle/ruby/2.5.0/gems/actionpack-5.2.3/lib/action_dispatch/middleware/debug_exceptions.rb:65:in `call'
vendor/bundle/ruby/2.5.0/gems/actionpack-5.2.3/lib/action_dispatch/middleware/show_exceptions.rb:33:in `call'
vendor/bundle/ruby/2.5.0/gems/railties-5.2.3/lib/rails/rack/logger.rb:38:in `call_app'
vendor/bundle/ruby/2.5.0/gems/railties-5.2.3/lib/rails/rack/logger.rb:26:in `block in call'
vendor/bundle/ruby/2.5.0/gems/activesupport-5.2.3/lib/active_support/tagged_logging.rb:71:in `block in tagged'
vendor/bundle/ruby/2.5.0/gems/activesupport-5.2.3/lib/active_support/tagged_logging.rb:28:in `tagged'
vendor/bundle/ruby/2.5.0/gems/activesupport-5.2.3/lib/active_support/tagged_logging.rb:71:in `tagged'
vendor/bundle/ruby/2.5.0/gems/railties-5.2.3/lib/rails/rack/logger.rb:26:in `call'
vendor/bundle/ruby/2.5.0/gems/actionpack-5.2.3/lib/action_dispatch/middleware/remote_ip.rb:81:in `call'
vendor/bundle/ruby/2.5.0/gems/actionpack-5.2.3/lib/action_dispatch/middleware/request_id.rb:27:in `call'
vendor/bundle/ruby/2.5.0/gems/rack-2.0.7/lib/rack/runtime.rb:22:in `call'
vendor/bundle/ruby/2.5.0/gems/activesupport-5.2.3/lib/active_support/cache/strategy/local_cache_middleware.rb:29:in `call'
vendor/bundle/ruby/2.5.0/gems/actionpack-5.2.3/lib/action_dispatch/middleware/executor.rb:14:in `call'
vendor/bundle/ruby/2.5.0/gems/actionpack-5.2.3/lib/action_dispatch/middleware/static.rb:127:in `call'
vendor/bundle/ruby/2.5.0/gems/rack-2.0.7/lib/rack/sendfile.rb:111:in `call'
vendor/bundle/ruby/2.5.0/gems/railties-5.2.3/lib/rails/engine.rb:524:in `call'
vendor/bundle/ruby/2.5.0/gems/puma-3.12.1/lib/puma/configuration.rb:227:in `call'
vendor/bundle/ruby/2.5.0/gems/puma-3.12.1/lib/puma/server.rb:660:in `handle_request'
vendor/bundle/ruby/2.5.0/gems/puma-3.12.1/lib/puma/server.rb:474:in `process_client'
vendor/bundle/ruby/2.5.0/gems/puma-3.12.1/lib/puma/server.rb:334:in `block in run'
vendor/bundle/ruby/2.5.0/gems/puma-3.12.1/lib/puma/thread_pool.rb:135:in `block in spawn_thread'
Started GET "/user?Nombre=Katherine&Edad=23" for 170.246.148.52 at 2019-08-09 01:31:55 +0000
  
ActionController::RoutingError (No route matches [GET] "/user"):
  
vendor/bundle/ruby/2.5.0/gems/actionpack-5.2.3/lib/action_dispatch/middleware/debug_exceptions.rb:65:in `call'
vendor/bundle/ruby/2.5.0/gems/actionpack-5.2.3/lib/action_dispatch/middleware/show_exceptions.rb:33:in `call'
vendor/bundle/ruby/2.5.0/gems/railties-5.2.3/lib/rails/rack/logger.rb:38:in `call_app'
vendor/bundle/ruby/2.5.0/gems/railties-5.2.3/lib/rails/rack/logger.rb:26:in `block in call'
vendor/bundle/ruby/2.5.0/gems/activesupport-5.2.3/lib/active_support/tagged_logging.rb:71:in `block in tagged'
vendor/bundle/ruby/2.5.0/gems/activesupport-5.2.3/lib/active_support/tagged_logging.rb:28:in `tagged'
vendor/bundle/ruby/2.5.0/gems/activesupport-5.2.3/lib/active_support/tagged_logging.rb:71:in `tagged'
vendor/bundle/ruby/2.5.0/gems/railties-5.2.3/lib/rails/rack/logger.rb:26:in `call'
vendor/bundle/ruby/2.5.0/gems/actionpack-5.2.3/lib/action_dispatch/middleware/remote_ip.rb:81:in `call'
vendor/bundle/ruby/2.5.0/gems/actionpack-5.2.3/lib/action_dispatch/middleware/request_id.rb:27:in `call'
vendor/bundle/ruby/2.5.0/gems/rack-2.0.7/lib/rack/runtime.rb:22:in `call'
vendor/bundle/ruby/2.5.0/gems/activesupport-5.2.3/lib/active_support/cache/strategy/local_cache_middleware.rb:29:in `call'
vendor/bundle/ruby/2.5.0/gems/actionpack-5.2.3/lib/action_dispatch/middleware/executor.rb:14:in `call'
vendor/bundle/ruby/2.5.0/gems/actionpack-5.2.3/lib/action_dispatch/middleware/static.rb:127:in `call'
vendor/bundle/ruby/2.5.0/gems/rack-2.0.7/lib/rack/sendfile.rb:111:in `call'
vendor/bundle/ruby/2.5.0/gems/railties-5.2.3/lib/rails/engine.rb:524:in `call'
vendor/bundle/ruby/2.5.0/gems/puma-3.12.1/lib/puma/configuration.rb:227:in `call'
vendor/bundle/ruby/2.5.0/gems/puma-3.12.1/lib/puma/server.rb:660:in `handle_request'
vendor/bundle/ruby/2.5.0/gems/puma-3.12.1/lib/puma/server.rb:474:in `process_client'
vendor/bundle/ruby/2.5.0/gems/puma-3.12.1/lib/puma/server.rb:334:in `block in run'
vendor/bundle/ruby/2.5.0/gems/puma-3.12.1/lib/puma/thread_pool.rb:135:in `block in spawn_thread'
Started GET "/user?Nombre=Katherine&Edad=23" for 170.246.148.52 at 2019-08-09 01:35:14 +0000
  [1m[35m (0.2ms)[0m  [1m[34mSELECT "schema_migrations"."version" FROM "schema_migrations" ORDER BY "schema_migrations"."version" ASC[0m
  ↳ vendor/bundle/ruby/2.5.0/gems/activerecord-5.2.3/lib/active_record/log_subscriber.rb:98
  
ActionController::RoutingError (No route matches [GET] "/user"):
  
vendor/bundle/ruby/2.5.0/gems/actionpack-5.2.3/lib/action_dispatch/middleware/debug_exceptions.rb:65:in `call'
vendor/bundle/ruby/2.5.0/gems/actionpack-5.2.3/lib/action_dispatch/middleware/show_exceptions.rb:33:in `call'
vendor/bundle/ruby/2.5.0/gems/railties-5.2.3/lib/rails/rack/logger.rb:38:in `call_app'
vendor/bundle/ruby/2.5.0/gems/railties-5.2.3/lib/rails/rack/logger.rb:26:in `block in call'
vendor/bundle/ruby/2.5.0/gems/activesupport-5.2.3/lib/active_support/tagged_logging.rb:71:in `block in tagged'
vendor/bundle/ruby/2.5.0/gems/activesupport-5.2.3/lib/active_support/tagged_logging.rb:28:in `tagged'
vendor/bundle/ruby/2.5.0/gems/activesupport-5.2.3/lib/active_support/tagged_logging.rb:71:in `tagged'
vendor/bundle/ruby/2.5.0/gems/railties-5.2.3/lib/rails/rack/logger.rb:26:in `call'
vendor/bundle/ruby/2.5.0/gems/actionpack-5.2.3/lib/action_dispatch/middleware/remote_ip.rb:81:in `call'
vendor/bundle/ruby/2.5.0/gems/actionpack-5.2.3/lib/action_dispatch/middleware/request_id.rb:27:in `call'
vendor/bundle/ruby/2.5.0/gems/rack-2.0.7/lib/rack/runtime.rb:22:in `call'
vendor/bundle/ruby/2.5.0/gems/activesupport-5.2.3/lib/active_support/cache/strategy/local_cache_middleware.rb:29:in `call'
vendor/bundle/ruby/2.5.0/gems/actionpack-5.2.3/lib/action_dispatch/middleware/executor.rb:14:in `call'
vendor/bundle/ruby/2.5.0/gems/actionpack-5.2.3/lib/action_dispatch/middleware/static.rb:127:in `call'
vendor/bundle/ruby/2.5.0/gems/rack-2.0.7/lib/rack/sendfile.rb:111:in `call'
vendor/bundle/ruby/2.5.0/gems/railties-5.2.3/lib/rails/engine.rb:524:in `call'
vendor/bundle/ruby/2.5.0/gems/puma-3.12.1/lib/puma/configuration.rb:227:in `call'
vendor/bundle/ruby/2.5.0/gems/puma-3.12.1/lib/puma/server.rb:660:in `handle_request'
vendor/bundle/ruby/2.5.0/gems/puma-3.12.1/lib/puma/server.rb:474:in `process_client'
vendor/bundle/ruby/2.5.0/gems/puma-3.12.1/lib/puma/server.rb:334:in `block in run'
vendor/bundle/ruby/2.5.0/gems/puma-3.12.1/lib/puma/thread_pool.rb:135:in `block in spawn_thread'
Started POST "/user?Nombre=Katherine&Edad=23" for 170.246.148.52 at 2019-08-09 01:35:36 +0000
  
ActionController::RoutingError (No route matches [POST] "/user"):
  
vendor/bundle/ruby/2.5.0/gems/actionpack-5.2.3/lib/action_dispatch/middleware/debug_exceptions.rb:65:in `call'
vendor/bundle/ruby/2.5.0/gems/actionpack-5.2.3/lib/action_dispatch/middleware/show_exceptions.rb:33:in `call'
vendor/bundle/ruby/2.5.0/gems/railties-5.2.3/lib/rails/rack/logger.rb:38:in `call_app'
vendor/bundle/ruby/2.5.0/gems/railties-5.2.3/lib/rails/rack/logger.rb:26:in `block in call'
vendor/bundle/ruby/2.5.0/gems/activesupport-5.2.3/lib/active_support/tagged_logging.rb:71:in `block in tagged'
vendor/bundle/ruby/2.5.0/gems/activesupport-5.2.3/lib/active_support/tagged_logging.rb:28:in `tagged'
vendor/bundle/ruby/2.5.0/gems/activesupport-5.2.3/lib/active_support/tagged_logging.rb:71:in `tagged'
vendor/bundle/ruby/2.5.0/gems/railties-5.2.3/lib/rails/rack/logger.rb:26:in `call'
vendor/bundle/ruby/2.5.0/gems/actionpack-5.2.3/lib/action_dispatch/middleware/remote_ip.rb:81:in `call'
vendor/bundle/ruby/2.5.0/gems/actionpack-5.2.3/lib/action_dispatch/middleware/request_id.rb:27:in `call'
vendor/bundle/ruby/2.5.0/gems/rack-2.0.7/lib/rack/runtime.rb:22:in `call'
vendor/bundle/ruby/2.5.0/gems/activesupport-5.2.3/lib/active_support/cache/strategy/local_cache_middleware.rb:29:in `call'
vendor/bundle/ruby/2.5.0/gems/actionpack-5.2.3/lib/action_dispatch/middleware/executor.rb:14:in `call'
vendor/bundle/ruby/2.5.0/gems/actionpack-5.2.3/lib/action_dispatch/middleware/static.rb:127:in `call'
vendor/bundle/ruby/2.5.0/gems/rack-2.0.7/lib/rack/sendfile.rb:111:in `call'
vendor/bundle/ruby/2.5.0/gems/railties-5.2.3/lib/rails/engine.rb:524:in `call'
vendor/bundle/ruby/2.5.0/gems/puma-3.12.1/lib/puma/configuration.rb:227:in `call'
vendor/bundle/ruby/2.5.0/gems/puma-3.12.1/lib/puma/server.rb:660:in `handle_request'
vendor/bundle/ruby/2.5.0/gems/puma-3.12.1/lib/puma/server.rb:474:in `process_client'
vendor/bundle/ruby/2.5.0/gems/puma-3.12.1/lib/puma/server.rb:334:in `block in run'
vendor/bundle/ruby/2.5.0/gems/puma-3.12.1/lib/puma/thread_pool.rb:135:in `block in spawn_thread'
Started POST "/user?Nombre=Katherine&Edad=23" for 170.246.148.52 at 2019-08-09 01:40:53 +0000
  [1m[35m (0.2ms)[0m  [1m[34mSELECT "schema_migrations"."version" FROM "schema_migrations" ORDER BY "schema_migrations"."version" ASC[0m
  ↳ vendor/bundle/ruby/2.5.0/gems/activerecord-5.2.3/lib/active_record/log_subscriber.rb:98
  
ActionController::RoutingError (No route matches [POST] "/user"):
  
vendor/bundle/ruby/2.5.0/gems/actionpack-5.2.3/lib/action_dispatch/middleware/debug_exceptions.rb:65:in `call'
vendor/bundle/ruby/2.5.0/gems/actionpack-5.2.3/lib/action_dispatch/middleware/show_exceptions.rb:33:in `call'
vendor/bundle/ruby/2.5.0/gems/railties-5.2.3/lib/rails/rack/logger.rb:38:in `call_app'
vendor/bundle/ruby/2.5.0/gems/railties-5.2.3/lib/rails/rack/logger.rb:26:in `block in call'
vendor/bundle/ruby/2.5.0/gems/activesupport-5.2.3/lib/active_support/tagged_logging.rb:71:in `block in tagged'
vendor/bundle/ruby/2.5.0/gems/activesupport-5.2.3/lib/active_support/tagged_logging.rb:28:in `tagged'
vendor/bundle/ruby/2.5.0/gems/activesupport-5.2.3/lib/active_support/tagged_logging.rb:71:in `tagged'
vendor/bundle/ruby/2.5.0/gems/railties-5.2.3/lib/rails/rack/logger.rb:26:in `call'
vendor/bundle/ruby/2.5.0/gems/actionpack-5.2.3/lib/action_dispatch/middleware/remote_ip.rb:81:in `call'
vendor/bundle/ruby/2.5.0/gems/actionpack-5.2.3/lib/action_dispatch/middleware/request_id.rb:27:in `call'
vendor/bundle/ruby/2.5.0/gems/rack-2.0.7/lib/rack/runtime.rb:22:in `call'
vendor/bundle/ruby/2.5.0/gems/activesupport-5.2.3/lib/active_support/cache/strategy/local_cache_middleware.rb:29:in `call'
vendor/bundle/ruby/2.5.0/gems/actionpack-5.2.3/lib/action_dispatch/middleware/executor.rb:14:in `call'
vendor/bundle/ruby/2.5.0/gems/actionpack-5.2.3/lib/action_dispatch/middleware/static.rb:127:in `call'
vendor/bundle/ruby/2.5.0/gems/rack-2.0.7/lib/rack/sendfile.rb:111:in `call'
vendor/bundle/ruby/2.5.0/gems/railties-5.2.3/lib/rails/engine.rb:524:in `call'
vendor/bundle/ruby/2.5.0/gems/puma-3.12.1/lib/puma/configuration.rb:227:in `call'
vendor/bundle/ruby/2.5.0/gems/puma-3.12.1/lib/puma/server.rb:660:in `handle_request'
vendor/bundle/ruby/2.5.0/gems/puma-3.12.1/lib/puma/server.rb:474:in `process_client'
vendor/bundle/ruby/2.5.0/gems/puma-3.12.1/lib/puma/server.rb:334:in `block in run'
vendor/bundle/ruby/2.5.0/gems/puma-3.12.1/lib/puma/thread_pool.rb:135:in `block in spawn_thread'
Started GET "/user?Nombre=Katherine&Edad=23" for 170.246.148.52 at 2019-08-09 01:40:58 +0000
  
ActionController::RoutingError (No route matches [GET] "/user"):
  
vendor/bundle/ruby/2.5.0/gems/actionpack-5.2.3/lib/action_dispatch/middleware/debug_exceptions.rb:65:in `call'
vendor/bundle/ruby/2.5.0/gems/actionpack-5.2.3/lib/action_dispatch/middleware/show_exceptions.rb:33:in `call'
vendor/bundle/ruby/2.5.0/gems/railties-5.2.3/lib/rails/rack/logger.rb:38:in `call_app'
vendor/bundle/ruby/2.5.0/gems/railties-5.2.3/lib/rails/rack/logger.rb:26:in `block in call'
vendor/bundle/ruby/2.5.0/gems/activesupport-5.2.3/lib/active_support/tagged_logging.rb:71:in `block in tagged'
vendor/bundle/ruby/2.5.0/gems/activesupport-5.2.3/lib/active_support/tagged_logging.rb:28:in `tagged'
vendor/bundle/ruby/2.5.0/gems/activesupport-5.2.3/lib/active_support/tagged_logging.rb:71:in `tagged'
vendor/bundle/ruby/2.5.0/gems/railties-5.2.3/lib/rails/rack/logger.rb:26:in `call'
vendor/bundle/ruby/2.5.0/gems/actionpack-5.2.3/lib/action_dispatch/middleware/remote_ip.rb:81:in `call'
vendor/bundle/ruby/2.5.0/gems/actionpack-5.2.3/lib/action_dispatch/middleware/request_id.rb:27:in `call'
vendor/bundle/ruby/2.5.0/gems/rack-2.0.7/lib/rack/runtime.rb:22:in `call'
vendor/bundle/ruby/2.5.0/gems/activesupport-5.2.3/lib/active_support/cache/strategy/local_cache_middleware.rb:29:in `call'
vendor/bundle/ruby/2.5.0/gems/actionpack-5.2.3/lib/action_dispatch/middleware/executor.rb:14:in `call'
vendor/bundle/ruby/2.5.0/gems/actionpack-5.2.3/lib/action_dispatch/middleware/static.rb:127:in `call'
vendor/bundle/ruby/2.5.0/gems/rack-2.0.7/lib/rack/sendfile.rb:111:in `call'
vendor/bundle/ruby/2.5.0/gems/railties-5.2.3/lib/rails/engine.rb:524:in `call'
vendor/bundle/ruby/2.5.0/gems/puma-3.12.1/lib/puma/configuration.rb:227:in `call'
vendor/bundle/ruby/2.5.0/gems/puma-3.12.1/lib/puma/server.rb:660:in `handle_request'
vendor/bundle/ruby/2.5.0/gems/puma-3.12.1/lib/puma/server.rb:474:in `process_client'
vendor/bundle/ruby/2.5.0/gems/puma-3.12.1/lib/puma/server.rb:334:in `block in run'
vendor/bundle/ruby/2.5.0/gems/puma-3.12.1/lib/puma/thread_pool.rb:135:in `block in spawn_thread'
Started GET "/users?Nombre=Katherine&Edad=23" for 170.246.148.52 at 2019-08-09 01:50:39 +0000
  [1m[35m (0.2ms)[0m  [1m[34mSELECT "schema_migrations"."version" FROM "schema_migrations" ORDER BY "schema_migrations"."version" ASC[0m
  ↳ vendor/bundle/ruby/2.5.0/gems/activerecord-5.2.3/lib/active_record/log_subscriber.rb:98
  
ActionController::RoutingError (No route matches [GET] "/users"):
  
vendor/bundle/ruby/2.5.0/gems/actionpack-5.2.3/lib/action_dispatch/middleware/debug_exceptions.rb:65:in `call'
vendor/bundle/ruby/2.5.0/gems/actionpack-5.2.3/lib/action_dispatch/middleware/show_exceptions.rb:33:in `call'
vendor/bundle/ruby/2.5.0/gems/railties-5.2.3/lib/rails/rack/logger.rb:38:in `call_app'
vendor/bundle/ruby/2.5.0/gems/railties-5.2.3/lib/rails/rack/logger.rb:26:in `block in call'
vendor/bundle/ruby/2.5.0/gems/activesupport-5.2.3/lib/active_support/tagged_logging.rb:71:in `block in tagged'
vendor/bundle/ruby/2.5.0/gems/activesupport-5.2.3/lib/active_support/tagged_logging.rb:28:in `tagged'
vendor/bundle/ruby/2.5.0/gems/activesupport-5.2.3/lib/active_support/tagged_logging.rb:71:in `tagged'
vendor/bundle/ruby/2.5.0/gems/railties-5.2.3/lib/rails/rack/logger.rb:26:in `call'
vendor/bundle/ruby/2.5.0/gems/actionpack-5.2.3/lib/action_dispatch/middleware/remote_ip.rb:81:in `call'
vendor/bundle/ruby/2.5.0/gems/actionpack-5.2.3/lib/action_dispatch/middleware/request_id.rb:27:in `call'
vendor/bundle/ruby/2.5.0/gems/rack-2.0.7/lib/rack/runtime.rb:22:in `call'
vendor/bundle/ruby/2.5.0/gems/activesupport-5.2.3/lib/active_support/cache/strategy/local_cache_middleware.rb:29:in `call'
vendor/bundle/ruby/2.5.0/gems/actionpack-5.2.3/lib/action_dispatch/middleware/executor.rb:14:in `call'
vendor/bundle/ruby/2.5.0/gems/actionpack-5.2.3/lib/action_dispatch/middleware/static.rb:127:in `call'
vendor/bundle/ruby/2.5.0/gems/rack-2.0.7/lib/rack/sendfile.rb:111:in `call'
vendor/bundle/ruby/2.5.0/gems/railties-5.2.3/lib/rails/engine.rb:524:in `call'
vendor/bundle/ruby/2.5.0/gems/puma-3.12.1/lib/puma/configuration.rb:227:in `call'
vendor/bundle/ruby/2.5.0/gems/puma-3.12.1/lib/puma/server.rb:660:in `handle_request'
vendor/bundle/ruby/2.5.0/gems/puma-3.12.1/lib/puma/server.rb:474:in `process_client'
vendor/bundle/ruby/2.5.0/gems/puma-3.12.1/lib/puma/server.rb:334:in `block in run'
vendor/bundle/ruby/2.5.0/gems/puma-3.12.1/lib/puma/thread_pool.rb:135:in `block in spawn_thread'
Started GET "/users?Nombre=Katherine&Edad=23" for 170.246.148.52 at 2019-08-09 01:50:41 +0000
  
ActionController::RoutingError (No route matches [GET] "/users"):
  
vendor/bundle/ruby/2.5.0/gems/actionpack-5.2.3/lib/action_dispatch/middleware/debug_exceptions.rb:65:in `call'
vendor/bundle/ruby/2.5.0/gems/actionpack-5.2.3/lib/action_dispatch/middleware/show_exceptions.rb:33:in `call'
vendor/bundle/ruby/2.5.0/gems/railties-5.2.3/lib/rails/rack/logger.rb:38:in `call_app'
vendor/bundle/ruby/2.5.0/gems/railties-5.2.3/lib/rails/rack/logger.rb:26:in `block in call'
vendor/bundle/ruby/2.5.0/gems/activesupport-5.2.3/lib/active_support/tagged_logging.rb:71:in `block in tagged'
vendor/bundle/ruby/2.5.0/gems/activesupport-5.2.3/lib/active_support/tagged_logging.rb:28:in `tagged'
vendor/bundle/ruby/2.5.0/gems/activesupport-5.2.3/lib/active_support/tagged_logging.rb:71:in `tagged'
vendor/bundle/ruby/2.5.0/gems/railties-5.2.3/lib/rails/rack/logger.rb:26:in `call'
vendor/bundle/ruby/2.5.0/gems/actionpack-5.2.3/lib/action_dispatch/middleware/remote_ip.rb:81:in `call'
vendor/bundle/ruby/2.5.0/gems/actionpack-5.2.3/lib/action_dispatch/middleware/request_id.rb:27:in `call'
vendor/bundle/ruby/2.5.0/gems/rack-2.0.7/lib/rack/runtime.rb:22:in `call'
vendor/bundle/ruby/2.5.0/gems/activesupport-5.2.3/lib/active_support/cache/strategy/local_cache_middleware.rb:29:in `call'
vendor/bundle/ruby/2.5.0/gems/actionpack-5.2.3/lib/action_dispatch/middleware/executor.rb:14:in `call'
vendor/bundle/ruby/2.5.0/gems/actionpack-5.2.3/lib/action_dispatch/middleware/static.rb:127:in `call'
vendor/bundle/ruby/2.5.0/gems/rack-2.0.7/lib/rack/sendfile.rb:111:in `call'
vendor/bundle/ruby/2.5.0/gems/railties-5.2.3/lib/rails/engine.rb:524:in `call'
vendor/bundle/ruby/2.5.0/gems/puma-3.12.1/lib/puma/configuration.rb:227:in `call'
vendor/bundle/ruby/2.5.0/gems/puma-3.12.1/lib/puma/server.rb:660:in `handle_request'
vendor/bundle/ruby/2.5.0/gems/puma-3.12.1/lib/puma/server.rb:474:in `process_client'
vendor/bundle/ruby/2.5.0/gems/puma-3.12.1/lib/puma/server.rb:334:in `block in run'
vendor/bundle/ruby/2.5.0/gems/puma-3.12.1/lib/puma/thread_pool.rb:135:in `block in spawn_thread'
Started POST "/users?Nombre=Katherine&Edad=23" for 170.246.148.52 at 2019-08-09 01:50:45 +0000
  
ActionController::RoutingError (No route matches [POST] "/users"):
  
vendor/bundle/ruby/2.5.0/gems/actionpack-5.2.3/lib/action_dispatch/middleware/debug_exceptions.rb:65:in `call'
vendor/bundle/ruby/2.5.0/gems/actionpack-5.2.3/lib/action_dispatch/middleware/show_exceptions.rb:33:in `call'
vendor/bundle/ruby/2.5.0/gems/railties-5.2.3/lib/rails/rack/logger.rb:38:in `call_app'
vendor/bundle/ruby/2.5.0/gems/railties-5.2.3/lib/rails/rack/logger.rb:26:in `block in call'
vendor/bundle/ruby/2.5.0/gems/activesupport-5.2.3/lib/active_support/tagged_logging.rb:71:in `block in tagged'
vendor/bundle/ruby/2.5.0/gems/activesupport-5.2.3/lib/active_support/tagged_logging.rb:28:in `tagged'
vendor/bundle/ruby/2.5.0/gems/activesupport-5.2.3/lib/active_support/tagged_logging.rb:71:in `tagged'
vendor/bundle/ruby/2.5.0/gems/railties-5.2.3/lib/rails/rack/logger.rb:26:in `call'
vendor/bundle/ruby/2.5.0/gems/actionpack-5.2.3/lib/action_dispatch/middleware/remote_ip.rb:81:in `call'
vendor/bundle/ruby/2.5.0/gems/actionpack-5.2.3/lib/action_dispatch/middleware/request_id.rb:27:in `call'
vendor/bundle/ruby/2.5.0/gems/rack-2.0.7/lib/rack/runtime.rb:22:in `call'
vendor/bundle/ruby/2.5.0/gems/activesupport-5.2.3/lib/active_support/cache/strategy/local_cache_middleware.rb:29:in `call'
vendor/bundle/ruby/2.5.0/gems/actionpack-5.2.3/lib/action_dispatch/middleware/executor.rb:14:in `call'
vendor/bundle/ruby/2.5.0/gems/actionpack-5.2.3/lib/action_dispatch/middleware/static.rb:127:in `call'
vendor/bundle/ruby/2.5.0/gems/rack-2.0.7/lib/rack/sendfile.rb:111:in `call'
vendor/bundle/ruby/2.5.0/gems/railties-5.2.3/lib/rails/engine.rb:524:in `call'
vendor/bundle/ruby/2.5.0/gems/puma-3.12.1/lib/puma/configuration.rb:227:in `call'
vendor/bundle/ruby/2.5.0/gems/puma-3.12.1/lib/puma/server.rb:660:in `handle_request'
vendor/bundle/ruby/2.5.0/gems/puma-3.12.1/lib/puma/server.rb:474:in `process_client'
vendor/bundle/ruby/2.5.0/gems/puma-3.12.1/lib/puma/server.rb:334:in `block in run'
vendor/bundle/ruby/2.5.0/gems/puma-3.12.1/lib/puma/thread_pool.rb:135:in `block in spawn_thread'
Started POST "/users" for 170.246.148.52 at 2019-08-09 01:51:12 +0000
  
ActionController::RoutingError (No route matches [POST] "/users"):
  
vendor/bundle/ruby/2.5.0/gems/actionpack-5.2.3/lib/action_dispatch/middleware/debug_exceptions.rb:65:in `call'
vendor/bundle/ruby/2.5.0/gems/actionpack-5.2.3/lib/action_dispatch/middleware/show_exceptions.rb:33:in `call'
vendor/bundle/ruby/2.5.0/gems/railties-5.2.3/lib/rails/rack/logger.rb:38:in `call_app'
vendor/bundle/ruby/2.5.0/gems/railties-5.2.3/lib/rails/rack/logger.rb:26:in `block in call'
vendor/bundle/ruby/2.5.0/gems/activesupport-5.2.3/lib/active_support/tagged_logging.rb:71:in `block in tagged'
vendor/bundle/ruby/2.5.0/gems/activesupport-5.2.3/lib/active_support/tagged_logging.rb:28:in `tagged'
vendor/bundle/ruby/2.5.0/gems/activesupport-5.2.3/lib/active_support/tagged_logging.rb:71:in `tagged'
vendor/bundle/ruby/2.5.0/gems/railties-5.2.3/lib/rails/rack/logger.rb:26:in `call'
vendor/bundle/ruby/2.5.0/gems/actionpack-5.2.3/lib/action_dispatch/middleware/remote_ip.rb:81:in `call'
vendor/bundle/ruby/2.5.0/gems/actionpack-5.2.3/lib/action_dispatch/middleware/request_id.rb:27:in `call'
vendor/bundle/ruby/2.5.0/gems/rack-2.0.7/lib/rack/runtime.rb:22:in `call'
vendor/bundle/ruby/2.5.0/gems/activesupport-5.2.3/lib/active_support/cache/strategy/local_cache_middleware.rb:29:in `call'
vendor/bundle/ruby/2.5.0/gems/actionpack-5.2.3/lib/action_dispatch/middleware/executor.rb:14:in `call'
vendor/bundle/ruby/2.5.0/gems/actionpack-5.2.3/lib/action_dispatch/middleware/static.rb:127:in `call'
vendor/bundle/ruby/2.5.0/gems/rack-2.0.7/lib/rack/sendfile.rb:111:in `call'
vendor/bundle/ruby/2.5.0/gems/railties-5.2.3/lib/rails/engine.rb:524:in `call'
vendor/bundle/ruby/2.5.0/gems/puma-3.12.1/lib/puma/configuration.rb:227:in `call'
vendor/bundle/ruby/2.5.0/gems/puma-3.12.1/lib/puma/server.rb:660:in `handle_request'
vendor/bundle/ruby/2.5.0/gems/puma-3.12.1/lib/puma/server.rb:474:in `process_client'
vendor/bundle/ruby/2.5.0/gems/puma-3.12.1/lib/puma/server.rb:334:in `block in run'
vendor/bundle/ruby/2.5.0/gems/puma-3.12.1/lib/puma/thread_pool.rb:135:in `block in spawn_thread'
Started POST "/users" for 170.246.148.52 at 2019-08-09 01:53:26 +0000
  [1m[35m (0.2ms)[0m  [1m[34mSELECT "schema_migrations"."version" FROM "schema_migrations" ORDER BY "schema_migrations"."version" ASC[0m
  ↳ vendor/bundle/ruby/2.5.0/gems/activerecord-5.2.3/lib/active_record/log_subscriber.rb:98
  
ActionController::RoutingError (uninitialized constant UsersController):
  
vendor/bundle/ruby/2.5.0/gems/bootsnap-1.4.4/lib/bootsnap/load_path_cache/core_ext/active_support.rb:79:in `block in load_missing_constant'
vendor/bundle/ruby/2.5.0/gems/bootsnap-1.4.4/lib/bootsnap/load_path_cache/core_ext/active_support.rb:8:in `without_bootsnap_cache'
vendor/bundle/ruby/2.5.0/gems/bootsnap-1.4.4/lib/bootsnap/load_path_cache/core_ext/active_support.rb:79:in `rescue in load_missing_constant'
vendor/bundle/ruby/2.5.0/gems/bootsnap-1.4.4/lib/bootsnap/load_path_cache/core_ext/active_support.rb:58:in `load_missing_constant'
vendor/bundle/ruby/2.5.0/gems/activesupport-5.2.3/lib/active_support/inflector/methods.rb:283:in `const_get'
vendor/bundle/ruby/2.5.0/gems/activesupport-5.2.3/lib/active_support/inflector/methods.rb:283:in `block in constantize'
vendor/bundle/ruby/2.5.0/gems/activesupport-5.2.3/lib/active_support/inflector/methods.rb:281:in `each'
vendor/bundle/ruby/2.5.0/gems/activesupport-5.2.3/lib/active_support/inflector/methods.rb:281:in `inject'
vendor/bundle/ruby/2.5.0/gems/activesupport-5.2.3/lib/active_support/inflector/methods.rb:281:in `constantize'
vendor/bundle/ruby/2.5.0/gems/actionpack-5.2.3/lib/action_dispatch/http/request.rb:88:in `controller_class_for'
vendor/bundle/ruby/2.5.0/gems/actionpack-5.2.3/lib/action_dispatch/http/request.rb:81:in `controller_class'
vendor/bundle/ruby/2.5.0/gems/actionpack-5.2.3/lib/action_dispatch/routing/route_set.rb:46:in `controller'
vendor/bundle/ruby/2.5.0/gems/actionpack-5.2.3/lib/action_dispatch/routing/route_set.rb:32:in `serve'
vendor/bundle/ruby/2.5.0/gems/actionpack-5.2.3/lib/action_dispatch/journey/router.rb:52:in `block in serve'
vendor/bundle/ruby/2.5.0/gems/actionpack-5.2.3/lib/action_dispatch/journey/router.rb:35:in `each'
vendor/bundle/ruby/2.5.0/gems/actionpack-5.2.3/lib/action_dispatch/journey/router.rb:35:in `serve'
vendor/bundle/ruby/2.5.0/gems/actionpack-5.2.3/lib/action_dispatch/routing/route_set.rb:840:in `call'
vendor/bundle/ruby/2.5.0/gems/rack-2.0.7/lib/rack/etag.rb:25:in `call'
vendor/bundle/ruby/2.5.0/gems/rack-2.0.7/lib/rack/conditional_get.rb:38:in `call'
vendor/bundle/ruby/2.5.0/gems/rack-2.0.7/lib/rack/head.rb:12:in `call'
vendor/bundle/ruby/2.5.0/gems/activerecord-5.2.3/lib/active_record/migration.rb:559:in `call'
vendor/bundle/ruby/2.5.0/gems/actionpack-5.2.3/lib/action_dispatch/middleware/callbacks.rb:28:in `block in call'
vendor/bundle/ruby/2.5.0/gems/activesupport-5.2.3/lib/active_support/callbacks.rb:98:in `run_callbacks'
vendor/bundle/ruby/2.5.0/gems/actionpack-5.2.3/lib/action_dispatch/middleware/callbacks.rb:26:in `call'
vendor/bundle/ruby/2.5.0/gems/actionpack-5.2.3/lib/action_dispatch/middleware/executor.rb:14:in `call'
vendor/bundle/ruby/2.5.0/gems/actionpack-5.2.3/lib/action_dispatch/middleware/debug_exceptions.rb:61:in `call'
vendor/bundle/ruby/2.5.0/gems/actionpack-5.2.3/lib/action_dispatch/middleware/show_exceptions.rb:33:in `call'
vendor/bundle/ruby/2.5.0/gems/railties-5.2.3/lib/rails/rack/logger.rb:38:in `call_app'
vendor/bundle/ruby/2.5.0/gems/railties-5.2.3/lib/rails/rack/logger.rb:26:in `block in call'
vendor/bundle/ruby/2.5.0/gems/activesupport-5.2.3/lib/active_support/tagged_logging.rb:71:in `block in tagged'
vendor/bundle/ruby/2.5.0/gems/activesupport-5.2.3/lib/active_support/tagged_logging.rb:28:in `tagged'
vendor/bundle/ruby/2.5.0/gems/activesupport-5.2.3/lib/active_support/tagged_logging.rb:71:in `tagged'
vendor/bundle/ruby/2.5.0/gems/railties-5.2.3/lib/rails/rack/logger.rb:26:in `call'
vendor/bundle/ruby/2.5.0/gems/actionpack-5.2.3/lib/action_dispatch/middleware/remote_ip.rb:81:in `call'
vendor/bundle/ruby/2.5.0/gems/actionpack-5.2.3/lib/action_dispatch/middleware/request_id.rb:27:in `call'
vendor/bundle/ruby/2.5.0/gems/rack-2.0.7/lib/rack/runtime.rb:22:in `call'
vendor/bundle/ruby/2.5.0/gems/activesupport-5.2.3/lib/active_support/cache/strategy/local_cache_middleware.rb:29:in `call'
vendor/bundle/ruby/2.5.0/gems/actionpack-5.2.3/lib/action_dispatch/middleware/executor.rb:14:in `call'
vendor/bundle/ruby/2.5.0/gems/actionpack-5.2.3/lib/action_dispatch/middleware/static.rb:127:in `call'
vendor/bundle/ruby/2.5.0/gems/rack-2.0.7/lib/rack/sendfile.rb:111:in `call'
vendor/bundle/ruby/2.5.0/gems/railties-5.2.3/lib/rails/engine.rb:524:in `call'
vendor/bundle/ruby/2.5.0/gems/puma-3.12.1/lib/puma/configuration.rb:227:in `call'
vendor/bundle/ruby/2.5.0/gems/puma-3.12.1/lib/puma/server.rb:660:in `handle_request'
vendor/bundle/ruby/2.5.0/gems/puma-3.12.1/lib/puma/server.rb:474:in `process_client'
vendor/bundle/ruby/2.5.0/gems/puma-3.12.1/lib/puma/server.rb:334:in `block in run'
vendor/bundle/ruby/2.5.0/gems/puma-3.12.1/lib/puma/thread_pool.rb:135:in `block in spawn_thread'
Started POST "/users?Nombre=Katherine&Edad=23" for 170.246.148.52 at 2019-08-09 01:54:02 +0000
  
ActionController::RoutingError (uninitialized constant UsersController):
  
vendor/bundle/ruby/2.5.0/gems/bootsnap-1.4.4/lib/bootsnap/load_path_cache/core_ext/active_support.rb:79:in `block in load_missing_constant'
vendor/bundle/ruby/2.5.0/gems/bootsnap-1.4.4/lib/bootsnap/load_path_cache/core_ext/active_support.rb:8:in `without_bootsnap_cache'
vendor/bundle/ruby/2.5.0/gems/bootsnap-1.4.4/lib/bootsnap/load_path_cache/core_ext/active_support.rb:79:in `rescue in load_missing_constant'
vendor/bundle/ruby/2.5.0/gems/bootsnap-1.4.4/lib/bootsnap/load_path_cache/core_ext/active_support.rb:58:in `load_missing_constant'
vendor/bundle/ruby/2.5.0/gems/activesupport-5.2.3/lib/active_support/inflector/methods.rb:283:in `const_get'
vendor/bundle/ruby/2.5.0/gems/activesupport-5.2.3/lib/active_support/inflector/methods.rb:283:in `block in constantize'
vendor/bundle/ruby/2.5.0/gems/activesupport-5.2.3/lib/active_support/inflector/methods.rb:281:in `each'
vendor/bundle/ruby/2.5.0/gems/activesupport-5.2.3/lib/active_support/inflector/methods.rb:281:in `inject'
vendor/bundle/ruby/2.5.0/gems/activesupport-5.2.3/lib/active_support/inflector/methods.rb:281:in `constantize'
vendor/bundle/ruby/2.5.0/gems/actionpack-5.2.3/lib/action_dispatch/http/request.rb:88:in `controller_class_for'
vendor/bundle/ruby/2.5.0/gems/actionpack-5.2.3/lib/action_dispatch/http/request.rb:81:in `controller_class'
vendor/bundle/ruby/2.5.0/gems/actionpack-5.2.3/lib/action_dispatch/routing/route_set.rb:46:in `controller'
vendor/bundle/ruby/2.5.0/gems/actionpack-5.2.3/lib/action_dispatch/routing/route_set.rb:32:in `serve'
vendor/bundle/ruby/2.5.0/gems/actionpack-5.2.3/lib/action_dispatch/journey/router.rb:52:in `block in serve'
vendor/bundle/ruby/2.5.0/gems/actionpack-5.2.3/lib/action_dispatch/journey/router.rb:35:in `each'
vendor/bundle/ruby/2.5.0/gems/actionpack-5.2.3/lib/action_dispatch/journey/router.rb:35:in `serve'
vendor/bundle/ruby/2.5.0/gems/actionpack-5.2.3/lib/action_dispatch/routing/route_set.rb:840:in `call'
vendor/bundle/ruby/2.5.0/gems/rack-2.0.7/lib/rack/etag.rb:25:in `call'
vendor/bundle/ruby/2.5.0/gems/rack-2.0.7/lib/rack/conditional_get.rb:38:in `call'
vendor/bundle/ruby/2.5.0/gems/rack-2.0.7/lib/rack/head.rb:12:in `call'
vendor/bundle/ruby/2.5.0/gems/activerecord-5.2.3/lib/active_record/migration.rb:559:in `call'
vendor/bundle/ruby/2.5.0/gems/actionpack-5.2.3/lib/action_dispatch/middleware/callbacks.rb:28:in `block in call'
vendor/bundle/ruby/2.5.0/gems/activesupport-5.2.3/lib/active_support/callbacks.rb:98:in `run_callbacks'
vendor/bundle/ruby/2.5.0/gems/actionpack-5.2.3/lib/action_dispatch/middleware/callbacks.rb:26:in `call'
vendor/bundle/ruby/2.5.0/gems/actionpack-5.2.3/lib/action_dispatch/middleware/executor.rb:14:in `call'
vendor/bundle/ruby/2.5.0/gems/actionpack-5.2.3/lib/action_dispatch/middleware/debug_exceptions.rb:61:in `call'
vendor/bundle/ruby/2.5.0/gems/actionpack-5.2.3/lib/action_dispatch/middleware/show_exceptions.rb:33:in `call'
vendor/bundle/ruby/2.5.0/gems/railties-5.2.3/lib/rails/rack/logger.rb:38:in `call_app'
vendor/bundle/ruby/2.5.0/gems/railties-5.2.3/lib/rails/rack/logger.rb:26:in `block in call'
vendor/bundle/ruby/2.5.0/gems/activesupport-5.2.3/lib/active_support/tagged_logging.rb:71:in `block in tagged'
vendor/bundle/ruby/2.5.0/gems/activesupport-5.2.3/lib/active_support/tagged_logging.rb:28:in `tagged'
vendor/bundle/ruby/2.5.0/gems/activesupport-5.2.3/lib/active_support/tagged_logging.rb:71:in `tagged'
vendor/bundle/ruby/2.5.0/gems/railties-5.2.3/lib/rails/rack/logger.rb:26:in `call'
vendor/bundle/ruby/2.5.0/gems/actionpack-5.2.3/lib/action_dispatch/middleware/remote_ip.rb:81:in `call'
vendor/bundle/ruby/2.5.0/gems/actionpack-5.2.3/lib/action_dispatch/middleware/request_id.rb:27:in `call'
vendor/bundle/ruby/2.5.0/gems/rack-2.0.7/lib/rack/runtime.rb:22:in `call'
vendor/bundle/ruby/2.5.0/gems/activesupport-5.2.3/lib/active_support/cache/strategy/local_cache_middleware.rb:29:in `call'
vendor/bundle/ruby/2.5.0/gems/actionpack-5.2.3/lib/action_dispatch/middleware/executor.rb:14:in `call'
vendor/bundle/ruby/2.5.0/gems/actionpack-5.2.3/lib/action_dispatch/middleware/static.rb:127:in `call'
vendor/bundle/ruby/2.5.0/gems/rack-2.0.7/lib/rack/sendfile.rb:111:in `call'
vendor/bundle/ruby/2.5.0/gems/railties-5.2.3/lib/rails/engine.rb:524:in `call'
vendor/bundle/ruby/2.5.0/gems/puma-3.12.1/lib/puma/configuration.rb:227:in `call'
vendor/bundle/ruby/2.5.0/gems/puma-3.12.1/lib/puma/server.rb:660:in `handle_request'
vendor/bundle/ruby/2.5.0/gems/puma-3.12.1/lib/puma/server.rb:474:in `process_client'
vendor/bundle/ruby/2.5.0/gems/puma-3.12.1/lib/puma/server.rb:334:in `block in run'
vendor/bundle/ruby/2.5.0/gems/puma-3.12.1/lib/puma/thread_pool.rb:135:in `block in spawn_thread'
Started GET "/users?Nombre=Katherine&Edad=23" for 170.246.148.52 at 2019-08-09 01:54:08 +0000
  
ActionController::RoutingError (uninitialized constant UsersController):
  
vendor/bundle/ruby/2.5.0/gems/bootsnap-1.4.4/lib/bootsnap/load_path_cache/core_ext/active_support.rb:79:in `block in load_missing_constant'
vendor/bundle/ruby/2.5.0/gems/bootsnap-1.4.4/lib/bootsnap/load_path_cache/core_ext/active_support.rb:8:in `without_bootsnap_cache'
vendor/bundle/ruby/2.5.0/gems/bootsnap-1.4.4/lib/bootsnap/load_path_cache/core_ext/active_support.rb:79:in `rescue in load_missing_constant'
vendor/bundle/ruby/2.5.0/gems/bootsnap-1.4.4/lib/bootsnap/load_path_cache/core_ext/active_support.rb:58:in `load_missing_constant'
vendor/bundle/ruby/2.5.0/gems/activesupport-5.2.3/lib/active_support/inflector/methods.rb:283:in `const_get'
vendor/bundle/ruby/2.5.0/gems/activesupport-5.2.3/lib/active_support/inflector/methods.rb:283:in `block in constantize'
vendor/bundle/ruby/2.5.0/gems/activesupport-5.2.3/lib/active_support/inflector/methods.rb:281:in `each'
vendor/bundle/ruby/2.5.0/gems/activesupport-5.2.3/lib/active_support/inflector/methods.rb:281:in `inject'
vendor/bundle/ruby/2.5.0/gems/activesupport-5.2.3/lib/active_support/inflector/methods.rb:281:in `constantize'
vendor/bundle/ruby/2.5.0/gems/actionpack-5.2.3/lib/action_dispatch/http/request.rb:88:in `controller_class_for'
vendor/bundle/ruby/2.5.0/gems/actionpack-5.2.3/lib/action_dispatch/http/request.rb:81:in `controller_class'
vendor/bundle/ruby/2.5.0/gems/actionpack-5.2.3/lib/action_dispatch/routing/route_set.rb:46:in `controller'
vendor/bundle/ruby/2.5.0/gems/actionpack-5.2.3/lib/action_dispatch/routing/route_set.rb:32:in `serve'
vendor/bundle/ruby/2.5.0/gems/actionpack-5.2.3/lib/action_dispatch/journey/router.rb:52:in `block in serve'
vendor/bundle/ruby/2.5.0/gems/actionpack-5.2.3/lib/action_dispatch/journey/router.rb:35:in `each'
vendor/bundle/ruby/2.5.0/gems/actionpack-5.2.3/lib/action_dispatch/journey/router.rb:35:in `serve'
vendor/bundle/ruby/2.5.0/gems/actionpack-5.2.3/lib/action_dispatch/routing/route_set.rb:840:in `call'
vendor/bundle/ruby/2.5.0/gems/rack-2.0.7/lib/rack/etag.rb:25:in `call'
vendor/bundle/ruby/2.5.0/gems/rack-2.0.7/lib/rack/conditional_get.rb:25:in `call'
vendor/bundle/ruby/2.5.0/gems/rack-2.0.7/lib/rack/head.rb:12:in `call'
vendor/bundle/ruby/2.5.0/gems/activerecord-5.2.3/lib/active_record/migration.rb:559:in `call'
vendor/bundle/ruby/2.5.0/gems/actionpack-5.2.3/lib/action_dispatch/middleware/callbacks.rb:28:in `block in call'
vendor/bundle/ruby/2.5.0/gems/activesupport-5.2.3/lib/active_support/callbacks.rb:98:in `run_callbacks'
vendor/bundle/ruby/2.5.0/gems/actionpack-5.2.3/lib/action_dispatch/middleware/callbacks.rb:26:in `call'
vendor/bundle/ruby/2.5.0/gems/actionpack-5.2.3/lib/action_dispatch/middleware/executor.rb:14:in `call'
vendor/bundle/ruby/2.5.0/gems/actionpack-5.2.3/lib/action_dispatch/middleware/debug_exceptions.rb:61:in `call'
vendor/bundle/ruby/2.5.0/gems/actionpack-5.2.3/lib/action_dispatch/middleware/show_exceptions.rb:33:in `call'
vendor/bundle/ruby/2.5.0/gems/railties-5.2.3/lib/rails/rack/logger.rb:38:in `call_app'
vendor/bundle/ruby/2.5.0/gems/railties-5.2.3/lib/rails/rack/logger.rb:26:in `block in call'
vendor/bundle/ruby/2.5.0/gems/activesupport-5.2.3/lib/active_support/tagged_logging.rb:71:in `block in tagged'
vendor/bundle/ruby/2.5.0/gems/activesupport-5.2.3/lib/active_support/tagged_logging.rb:28:in `tagged'
vendor/bundle/ruby/2.5.0/gems/activesupport-5.2.3/lib/active_support/tagged_logging.rb:71:in `tagged'
vendor/bundle/ruby/2.5.0/gems/railties-5.2.3/lib/rails/rack/logger.rb:26:in `call'
vendor/bundle/ruby/2.5.0/gems/actionpack-5.2.3/lib/action_dispatch/middleware/remote_ip.rb:81:in `call'
vendor/bundle/ruby/2.5.0/gems/actionpack-5.2.3/lib/action_dispatch/middleware/request_id.rb:27:in `call'
vendor/bundle/ruby/2.5.0/gems/rack-2.0.7/lib/rack/runtime.rb:22:in `call'
vendor/bundle/ruby/2.5.0/gems/activesupport-5.2.3/lib/active_support/cache/strategy/local_cache_middleware.rb:29:in `call'
vendor/bundle/ruby/2.5.0/gems/actionpack-5.2.3/lib/action_dispatch/middleware/executor.rb:14:in `call'
vendor/bundle/ruby/2.5.0/gems/actionpack-5.2.3/lib/action_dispatch/middleware/static.rb:127:in `call'
vendor/bundle/ruby/2.5.0/gems/rack-2.0.7/lib/rack/sendfile.rb:111:in `call'
vendor/bundle/ruby/2.5.0/gems/railties-5.2.3/lib/rails/engine.rb:524:in `call'
vendor/bundle/ruby/2.5.0/gems/puma-3.12.1/lib/puma/configuration.rb:227:in `call'
vendor/bundle/ruby/2.5.0/gems/puma-3.12.1/lib/puma/server.rb:660:in `handle_request'
vendor/bundle/ruby/2.5.0/gems/puma-3.12.1/lib/puma/server.rb:474:in `process_client'
vendor/bundle/ruby/2.5.0/gems/puma-3.12.1/lib/puma/server.rb:334:in `block in run'
vendor/bundle/ruby/2.5.0/gems/puma-3.12.1/lib/puma/thread_pool.rb:135:in `block in spawn_thread'
Started GET "/users?Nombre=Katherine&Edad=23" for 170.246.148.52 at 2019-08-09 01:59:02 +0000
  [1m[35m (0.2ms)[0m  [1m[34mSELECT "schema_migrations"."version" FROM "schema_migrations" ORDER BY "schema_migrations"."version" ASC[0m
  ↳ vendor/bundle/ruby/2.5.0/gems/activerecord-5.2.3/lib/active_record/log_subscriber.rb:98
  
ActionController::RoutingError (uninitialized constant UsersController):
  
vendor/bundle/ruby/2.5.0/gems/bootsnap-1.4.4/lib/bootsnap/load_path_cache/core_ext/active_support.rb:79:in `block in load_missing_constant'
vendor/bundle/ruby/2.5.0/gems/bootsnap-1.4.4/lib/bootsnap/load_path_cache/core_ext/active_support.rb:8:in `without_bootsnap_cache'
vendor/bundle/ruby/2.5.0/gems/bootsnap-1.4.4/lib/bootsnap/load_path_cache/core_ext/active_support.rb:79:in `rescue in load_missing_constant'
vendor/bundle/ruby/2.5.0/gems/bootsnap-1.4.4/lib/bootsnap/load_path_cache/core_ext/active_support.rb:58:in `load_missing_constant'
vendor/bundle/ruby/2.5.0/gems/activesupport-5.2.3/lib/active_support/inflector/methods.rb:283:in `const_get'
vendor/bundle/ruby/2.5.0/gems/activesupport-5.2.3/lib/active_support/inflector/methods.rb:283:in `block in constantize'
vendor/bundle/ruby/2.5.0/gems/activesupport-5.2.3/lib/active_support/inflector/methods.rb:281:in `each'
vendor/bundle/ruby/2.5.0/gems/activesupport-5.2.3/lib/active_support/inflector/methods.rb:281:in `inject'
vendor/bundle/ruby/2.5.0/gems/activesupport-5.2.3/lib/active_support/inflector/methods.rb:281:in `constantize'
vendor/bundle/ruby/2.5.0/gems/actionpack-5.2.3/lib/action_dispatch/http/request.rb:88:in `controller_class_for'
vendor/bundle/ruby/2.5.0/gems/actionpack-5.2.3/lib/action_dispatch/http/request.rb:81:in `controller_class'
vendor/bundle/ruby/2.5.0/gems/actionpack-5.2.3/lib/action_dispatch/routing/route_set.rb:46:in `controller'
vendor/bundle/ruby/2.5.0/gems/actionpack-5.2.3/lib/action_dispatch/routing/route_set.rb:32:in `serve'
vendor/bundle/ruby/2.5.0/gems/actionpack-5.2.3/lib/action_dispatch/journey/router.rb:52:in `block in serve'
vendor/bundle/ruby/2.5.0/gems/actionpack-5.2.3/lib/action_dispatch/journey/router.rb:35:in `each'
vendor/bundle/ruby/2.5.0/gems/actionpack-5.2.3/lib/action_dispatch/journey/router.rb:35:in `serve'
vendor/bundle/ruby/2.5.0/gems/actionpack-5.2.3/lib/action_dispatch/routing/route_set.rb:840:in `call'
vendor/bundle/ruby/2.5.0/gems/rack-2.0.7/lib/rack/etag.rb:25:in `call'
vendor/bundle/ruby/2.5.0/gems/rack-2.0.7/lib/rack/conditional_get.rb:25:in `call'
vendor/bundle/ruby/2.5.0/gems/rack-2.0.7/lib/rack/head.rb:12:in `call'
vendor/bundle/ruby/2.5.0/gems/activerecord-5.2.3/lib/active_record/migration.rb:559:in `call'
vendor/bundle/ruby/2.5.0/gems/actionpack-5.2.3/lib/action_dispatch/middleware/callbacks.rb:28:in `block in call'
vendor/bundle/ruby/2.5.0/gems/activesupport-5.2.3/lib/active_support/callbacks.rb:98:in `run_callbacks'
vendor/bundle/ruby/2.5.0/gems/actionpack-5.2.3/lib/action_dispatch/middleware/callbacks.rb:26:in `call'
vendor/bundle/ruby/2.5.0/gems/actionpack-5.2.3/lib/action_dispatch/middleware/executor.rb:14:in `call'
vendor/bundle/ruby/2.5.0/gems/actionpack-5.2.3/lib/action_dispatch/middleware/debug_exceptions.rb:61:in `call'
vendor/bundle/ruby/2.5.0/gems/actionpack-5.2.3/lib/action_dispatch/middleware/show_exceptions.rb:33:in `call'
vendor/bundle/ruby/2.5.0/gems/railties-5.2.3/lib/rails/rack/logger.rb:38:in `call_app'
vendor/bundle/ruby/2.5.0/gems/railties-5.2.3/lib/rails/rack/logger.rb:26:in `block in call'
vendor/bundle/ruby/2.5.0/gems/activesupport-5.2.3/lib/active_support/tagged_logging.rb:71:in `block in tagged'
vendor/bundle/ruby/2.5.0/gems/activesupport-5.2.3/lib/active_support/tagged_logging.rb:28:in `tagged'
vendor/bundle/ruby/2.5.0/gems/activesupport-5.2.3/lib/active_support/tagged_logging.rb:71:in `tagged'
vendor/bundle/ruby/2.5.0/gems/railties-5.2.3/lib/rails/rack/logger.rb:26:in `call'
vendor/bundle/ruby/2.5.0/gems/actionpack-5.2.3/lib/action_dispatch/middleware/remote_ip.rb:81:in `call'
vendor/bundle/ruby/2.5.0/gems/actionpack-5.2.3/lib/action_dispatch/middleware/request_id.rb:27:in `call'
vendor/bundle/ruby/2.5.0/gems/rack-2.0.7/lib/rack/runtime.rb:22:in `call'
vendor/bundle/ruby/2.5.0/gems/activesupport-5.2.3/lib/active_support/cache/strategy/local_cache_middleware.rb:29:in `call'
vendor/bundle/ruby/2.5.0/gems/actionpack-5.2.3/lib/action_dispatch/middleware/executor.rb:14:in `call'
vendor/bundle/ruby/2.5.0/gems/actionpack-5.2.3/lib/action_dispatch/middleware/static.rb:127:in `call'
vendor/bundle/ruby/2.5.0/gems/rack-2.0.7/lib/rack/sendfile.rb:111:in `call'
vendor/bundle/ruby/2.5.0/gems/railties-5.2.3/lib/rails/engine.rb:524:in `call'
vendor/bundle/ruby/2.5.0/gems/puma-3.12.1/lib/puma/configuration.rb:227:in `call'
vendor/bundle/ruby/2.5.0/gems/puma-3.12.1/lib/puma/server.rb:660:in `handle_request'
vendor/bundle/ruby/2.5.0/gems/puma-3.12.1/lib/puma/server.rb:474:in `process_client'
vendor/bundle/ruby/2.5.0/gems/puma-3.12.1/lib/puma/server.rb:334:in `block in run'
vendor/bundle/ruby/2.5.0/gems/puma-3.12.1/lib/puma/thread_pool.rb:135:in `block in spawn_thread'
Started GET "/users?Nombre=Katherine&Edad=23" for 170.246.148.52 at 2019-08-09 01:59:45 +0000
  
ActionController::RoutingError (uninitialized constant UsersController):
  
vendor/bundle/ruby/2.5.0/gems/bootsnap-1.4.4/lib/bootsnap/load_path_cache/core_ext/active_support.rb:79:in `block in load_missing_constant'
vendor/bundle/ruby/2.5.0/gems/bootsnap-1.4.4/lib/bootsnap/load_path_cache/core_ext/active_support.rb:8:in `without_bootsnap_cache'
vendor/bundle/ruby/2.5.0/gems/bootsnap-1.4.4/lib/bootsnap/load_path_cache/core_ext/active_support.rb:79:in `rescue in load_missing_constant'
vendor/bundle/ruby/2.5.0/gems/bootsnap-1.4.4/lib/bootsnap/load_path_cache/core_ext/active_support.rb:58:in `load_missing_constant'
vendor/bundle/ruby/2.5.0/gems/activesupport-5.2.3/lib/active_support/inflector/methods.rb:283:in `const_get'
vendor/bundle/ruby/2.5.0/gems/activesupport-5.2.3/lib/active_support/inflector/methods.rb:283:in `block in constantize'
vendor/bundle/ruby/2.5.0/gems/activesupport-5.2.3/lib/active_support/inflector/methods.rb:281:in `each'
vendor/bundle/ruby/2.5.0/gems/activesupport-5.2.3/lib/active_support/inflector/methods.rb:281:in `inject'
vendor/bundle/ruby/2.5.0/gems/activesupport-5.2.3/lib/active_support/inflector/methods.rb:281:in `constantize'
vendor/bundle/ruby/2.5.0/gems/actionpack-5.2.3/lib/action_dispatch/http/request.rb:88:in `controller_class_for'
vendor/bundle/ruby/2.5.0/gems/actionpack-5.2.3/lib/action_dispatch/http/request.rb:81:in `controller_class'
vendor/bundle/ruby/2.5.0/gems/actionpack-5.2.3/lib/action_dispatch/routing/route_set.rb:46:in `controller'
vendor/bundle/ruby/2.5.0/gems/actionpack-5.2.3/lib/action_dispatch/routing/route_set.rb:32:in `serve'
vendor/bundle/ruby/2.5.0/gems/actionpack-5.2.3/lib/action_dispatch/journey/router.rb:52:in `block in serve'
vendor/bundle/ruby/2.5.0/gems/actionpack-5.2.3/lib/action_dispatch/journey/router.rb:35:in `each'
vendor/bundle/ruby/2.5.0/gems/actionpack-5.2.3/lib/action_dispatch/journey/router.rb:35:in `serve'
vendor/bundle/ruby/2.5.0/gems/actionpack-5.2.3/lib/action_dispatch/routing/route_set.rb:840:in `call'
vendor/bundle/ruby/2.5.0/gems/rack-2.0.7/lib/rack/etag.rb:25:in `call'
vendor/bundle/ruby/2.5.0/gems/rack-2.0.7/lib/rack/conditional_get.rb:25:in `call'
vendor/bundle/ruby/2.5.0/gems/rack-2.0.7/lib/rack/head.rb:12:in `call'
vendor/bundle/ruby/2.5.0/gems/activerecord-5.2.3/lib/active_record/migration.rb:559:in `call'
vendor/bundle/ruby/2.5.0/gems/actionpack-5.2.3/lib/action_dispatch/middleware/callbacks.rb:28:in `block in call'
vendor/bundle/ruby/2.5.0/gems/activesupport-5.2.3/lib/active_support/callbacks.rb:98:in `run_callbacks'
vendor/bundle/ruby/2.5.0/gems/actionpack-5.2.3/lib/action_dispatch/middleware/callbacks.rb:26:in `call'
vendor/bundle/ruby/2.5.0/gems/actionpack-5.2.3/lib/action_dispatch/middleware/executor.rb:14:in `call'
vendor/bundle/ruby/2.5.0/gems/actionpack-5.2.3/lib/action_dispatch/middleware/debug_exceptions.rb:61:in `call'
vendor/bundle/ruby/2.5.0/gems/actionpack-5.2.3/lib/action_dispatch/middleware/show_exceptions.rb:33:in `call'
vendor/bundle/ruby/2.5.0/gems/railties-5.2.3/lib/rails/rack/logger.rb:38:in `call_app'
vendor/bundle/ruby/2.5.0/gems/railties-5.2.3/lib/rails/rack/logger.rb:26:in `block in call'
vendor/bundle/ruby/2.5.0/gems/activesupport-5.2.3/lib/active_support/tagged_logging.rb:71:in `block in tagged'
vendor/bundle/ruby/2.5.0/gems/activesupport-5.2.3/lib/active_support/tagged_logging.rb:28:in `tagged'
vendor/bundle/ruby/2.5.0/gems/activesupport-5.2.3/lib/active_support/tagged_logging.rb:71:in `tagged'
vendor/bundle/ruby/2.5.0/gems/railties-5.2.3/lib/rails/rack/logger.rb:26:in `call'
vendor/bundle/ruby/2.5.0/gems/actionpack-5.2.3/lib/action_dispatch/middleware/remote_ip.rb:81:in `call'
vendor/bundle/ruby/2.5.0/gems/actionpack-5.2.3/lib/action_dispatch/middleware/request_id.rb:27:in `call'
vendor/bundle/ruby/2.5.0/gems/rack-2.0.7/lib/rack/runtime.rb:22:in `call'
vendor/bundle/ruby/2.5.0/gems/activesupport-5.2.3/lib/active_support/cache/strategy/local_cache_middleware.rb:29:in `call'
vendor/bundle/ruby/2.5.0/gems/actionpack-5.2.3/lib/action_dispatch/middleware/executor.rb:14:in `call'
vendor/bundle/ruby/2.5.0/gems/actionpack-5.2.3/lib/action_dispatch/middleware/static.rb:127:in `call'
vendor/bundle/ruby/2.5.0/gems/rack-2.0.7/lib/rack/sendfile.rb:111:in `call'
vendor/bundle/ruby/2.5.0/gems/railties-5.2.3/lib/rails/engine.rb:524:in `call'
vendor/bundle/ruby/2.5.0/gems/puma-3.12.1/lib/puma/configuration.rb:227:in `call'
vendor/bundle/ruby/2.5.0/gems/puma-3.12.1/lib/puma/server.rb:660:in `handle_request'
vendor/bundle/ruby/2.5.0/gems/puma-3.12.1/lib/puma/server.rb:474:in `process_client'
vendor/bundle/ruby/2.5.0/gems/puma-3.12.1/lib/puma/server.rb:334:in `block in run'
vendor/bundle/ruby/2.5.0/gems/puma-3.12.1/lib/puma/thread_pool.rb:135:in `block in spawn_thread'
Started GET "/users?Nombre=Katherine&Edad=23" for 170.246.148.52 at 2019-08-09 02:01:37 +0000
  [1m[35m (0.2ms)[0m  [1m[34mSELECT "schema_migrations"."version" FROM "schema_migrations" ORDER BY "schema_migrations"."version" ASC[0m
  ↳ vendor/bundle/ruby/2.5.0/gems/activerecord-5.2.3/lib/active_record/log_subscriber.rb:98
  
SyntaxError (/home/katherine-g/progra2/ruby-progra-dos/practica/app/controllers/users_controller.rb:13: syntax error, unexpected '[', expecting '('
   @user = User.find(params.[id])
                            ^
/home/katherine-g/progra2/ruby-progra-dos/practica/app/controllers/users_controller.rb:40: syntax error, unexpected ':', expecting '}'
	 "alerta": "mi user: "+@user[:nombre]
	         ^
/home/katherine-g/progra2/ruby-progra-dos/practica/app/controllers/users_controller.rb:41: syntax error, unexpected '}', expecting keyword_end
/home/katherine-g/progra2/ruby-progra-dos/practica/app/controllers/users_controller.rb:46: syntax error, unexpected end-of-input, expecting keyword_end):
  
app/controllers/users_controller.rb:13: syntax error, unexpected '[', expecting '('
app/controllers/users_controller.rb:40: syntax error, unexpected ':', expecting '}'
app/controllers/users_controller.rb:41: syntax error, unexpected '}', expecting keyword_end
app/controllers/users_controller.rb:46: syntax error, unexpected end-of-input, expecting keyword_end
Started GET "/users?Nombre=Katherine&Edad=23" for 170.246.148.52 at 2019-08-09 02:03:32 +0000
  [1m[35m (0.2ms)[0m  [1m[34mSELECT "schema_migrations"."version" FROM "schema_migrations" ORDER BY "schema_migrations"."version" ASC[0m
  ↳ vendor/bundle/ruby/2.5.0/gems/activerecord-5.2.3/lib/active_record/log_subscriber.rb:98
  
SyntaxError (/home/katherine-g/progra2/ruby-progra-dos/practica/app/controllers/users_controller.rb:40: syntax error, unexpected ':', expecting '}'
	 "alerta": "mi user: "+@user[:nombre]
	         ^
/home/katherine-g/progra2/ruby-progra-dos/practica/app/controllers/users_controller.rb:41: syntax error, unexpected '}', expecting keyword_end
/home/katherine-g/progra2/ruby-progra-dos/practica/app/controllers/users_controller.rb:46: syntax error, unexpected end-of-input, expecting keyword_end):
  
app/controllers/users_controller.rb:40: syntax error, unexpected ':', expecting '}'
app/controllers/users_controller.rb:41: syntax error, unexpected '}', expecting keyword_end
app/controllers/users_controller.rb:46: syntax error, unexpected end-of-input, expecting keyword_end
Started GET "/users?Nombre=Katherine&Edad=23" for 170.246.148.52 at 2019-08-09 02:06:30 +0000
  [1m[35m (0.2ms)[0m  [1m[34mSELECT "schema_migrations"."version" FROM "schema_migrations" ORDER BY "schema_migrations"."version" ASC[0m
  ↳ vendor/bundle/ruby/2.5.0/gems/activerecord-5.2.3/lib/active_record/log_subscriber.rb:98
  
SyntaxError (/home/katherine-g/progra2/ruby-progra-dos/practica/app/controllers/users_controller.rb:46: syntax error, unexpected end-of-input, expecting keyword_end):
  
app/controllers/users_controller.rb:46: syntax error, unexpected end-of-input, expecting keyword_end
Started GET "/users?Nombre=Katherine&Edad=23" for 170.246.148.52 at 2019-08-09 02:07:23 +0000
  [1m[35m (0.2ms)[0m  [1m[34mSELECT "schema_migrations"."version" FROM "schema_migrations" ORDER BY "schema_migrations"."version" ASC[0m
  ↳ vendor/bundle/ruby/2.5.0/gems/activerecord-5.2.3/lib/active_record/log_subscriber.rb:98
  
SyntaxError (/home/katherine-g/progra2/ruby-progra-dos/practica/app/controllers/users_controller.rb:46: syntax error, unexpected end-of-input, expecting keyword_end):
  
app/controllers/users_controller.rb:46: syntax error, unexpected end-of-input, expecting keyword_end
Started GET "/users?Nombre=Katherine&Edad=23" for 170.246.148.52 at 2019-08-09 02:08:22 +0000
  [1m[35m (0.2ms)[0m  [1m[34mSELECT "schema_migrations"."version" FROM "schema_migrations" ORDER BY "schema_migrations"."version" ASC[0m
  ↳ vendor/bundle/ruby/2.5.0/gems/activerecord-5.2.3/lib/active_record/log_subscriber.rb:98
Processing by UsersController#index as */*
  Parameters: {"Nombre"=>"Katherine", "Edad"=>"23"}
  [1m[36mUser Load (0.3ms)[0m  [1m[34mSELECT  "users".* FROM "users" LIMIT ?[0m  [["LIMIT", 11]]
  ↳ /usr/lib/ruby/vendor_ruby/did_you_mean/core_ext/name_error.rb:8
  [1m[36mCACHE User Load (0.1ms)[0m  [1m[34mSELECT  "users".* FROM "users" LIMIT ?[0m  [["LIMIT", 11]]
  ↳ /usr/lib/ruby/vendor_ruby/did_you_mean/core_ext/name_error.rb:4
Completed 500 Internal Server Error in 123ms (ActiveRecord: 0.0ms)


  
  [1m[36mCACHE User Load (0.0ms)[0m  [1m[34mSELECT  "users".* FROM "users" LIMIT ?[0m  [["LIMIT", 11]]
  ↳ /usr/lib/ruby/vendor_ruby/did_you_mean/core_ext/name_error.rb:8
NameError (undefined local variable or method `json' for #<UsersController:0x000055e2bca773b8>
Did you mean?  JSON):
  
app/controllers/users_controller.rb:7:in `index'
  [1m[36mCACHE User Load (0.0ms)[0m  [1m[34mSELECT  "users".* FROM "users" LIMIT ?[0m  [["LIMIT", 11]]
  ↳ /usr/lib/ruby/vendor_ruby/did_you_mean/core_ext/name_error.rb:8
Started GET "/users?Nombre=Katherine&Edad=23" for 170.246.148.52 at 2019-08-09 02:09:54 +0000
  [1m[35m (0.2ms)[0m  [1m[34mSELECT "schema_migrations"."version" FROM "schema_migrations" ORDER BY "schema_migrations"."version" ASC[0m
  ↳ vendor/bundle/ruby/2.5.0/gems/activerecord-5.2.3/lib/active_record/log_subscriber.rb:98
Processing by UsersController#index as */*
  Parameters: {"Nombre"=>"Katherine", "Edad"=>"23"}
  [1m[36mUser Load (0.3ms)[0m  [1m[34mSELECT "users".* FROM "users"[0m
  ↳ app/controllers/concerns/response.rb:3
Completed 200 OK in 3ms (Views: 1.4ms | ActiveRecord: 0.5ms)


Started POST "/users?Nombre=Katherine&edad=23" for 170.246.148.52 at 2019-08-09 02:11:33 +0000
  [1m[35m (0.2ms)[0m  [1m[34mSELECT "schema_migrations"."version" FROM "schema_migrations" ORDER BY "schema_migrations"."version" ASC[0m
  ↳ vendor/bundle/ruby/2.5.0/gems/activerecord-5.2.3/lib/active_record/log_subscriber.rb:98
Processing by UsersController#create as */*
  Parameters: {"Nombre"=>"Katherine", "edad"=>"23"}
Completed 500 Internal Server Error in 119ms (ActiveRecord: 0.0ms)


  
NameError (undefined local variable or method `user_params' for #<UsersController:0x000055a5d1f9df18>
Did you mean?  user_path):
  
app/controllers/users_controller.rb:19:in `create'
Started POST "/users?Nombre=Katherine&edad=23" for 170.246.148.52 at 2019-08-09 02:14:53 +0000
  [1m[35m (0.2ms)[0m  [1m[34mSELECT "schema_migrations"."version" FROM "schema_migrations" ORDER BY "schema_migrations"."version" ASC[0m
  ↳ vendor/bundle/ruby/2.5.0/gems/activerecord-5.2.3/lib/active_record/log_subscriber.rb:98
Processing by UsersController#create as */*
  Parameters: {"Nombre"=>"Katherine", "edad"=>"23"}
Completed 500 Internal Server Error in 103ms (ActiveRecord: 0.0ms)


  
NameError (undefined local variable or method `user_params' for #<UsersController:0x0000559300669598>
Did you mean?  user_path):
  
app/controllers/users_controller.rb:19:in `create'
Started POST "/users?Nombre=Katherine&edad=23" for 170.246.148.52 at 2019-08-09 02:16:50 +0000
  [1m[35m (0.2ms)[0m  [1m[34mSELECT "schema_migrations"."version" FROM "schema_migrations" ORDER BY "schema_migrations"."version" ASC[0m
  ↳ vendor/bundle/ruby/2.5.0/gems/activerecord-5.2.3/lib/active_record/log_subscriber.rb:98
  
SyntaxError (/home/katherine-g/progra2/ruby-progra-dos/practica/app/controllers/users_controller.rb:34: syntax error, unexpected ':', expecting '}'
	 "alerta": "mi user: "+@user[:Nombre]
	         ^
/home/katherine-g/progra2/ruby-progra-dos/practica/app/controllers/users_controller.rb:35: syntax error, unexpected '}', expecting keyword_end):
  
app/controllers/users_controller.rb:34: syntax error, unexpected ':', expecting '}'
app/controllers/users_controller.rb:35: syntax error, unexpected '}', expecting keyword_end
Started POST "/users?Nombre=Katherine&edad=23" for 170.246.148.52 at 2019-08-09 02:17:52 +0000
  [1m[35m (0.2ms)[0m  [1m[34mSELECT "schema_migrations"."version" FROM "schema_migrations" ORDER BY "schema_migrations"."version" ASC[0m
  ↳ vendor/bundle/ruby/2.5.0/gems/activerecord-5.2.3/lib/active_record/log_subscriber.rb:98
Processing by UsersController#create as */*
  Parameters: {"Nombre"=>"Katherine", "edad"=>"23"}
Completed 500 Internal Server Error in 2ms (ActiveRecord: 0.0ms)


  
NoMethodError (undefined method `create!' for nil:NilClass):
  
app/controllers/users_controller.rb:19:in `create'
Started POST "/users?Nombre=Katherine&edad=23" for 170.246.148.52 at 2019-08-09 02:18:57 +0000
  [1m[35m (0.2ms)[0m  [1m[34mSELECT "schema_migrations"."version" FROM "schema_migrations" ORDER BY "schema_migrations"."version" ASC[0m
  ↳ vendor/bundle/ruby/2.5.0/gems/activerecord-5.2.3/lib/active_record/log_subscriber.rb:98
Processing by UsersController#create as */*
  Parameters: {"Nombre"=>"Katherine", "edad"=>"23"}
  [1m[35m (0.1ms)[0m  [1m[36mbegin transaction[0m
  ↳ app/controllers/users_controller.rb:19
  [1m[36mUser Create (0.4ms)[0m  [1m[32mINSERT INTO "users" ("Nombre", "edad", "created_at", "updated_at") VALUES (?, ?, ?, ?)[0m  [["Nombre", "Katherine"], ["edad", 23], ["created_at", "2019-08-09 02:18:57.163851"], ["updated_at", "2019-08-09 02:18:57.163851"]]
  ↳ app/controllers/users_controller.rb:19
  [1m[35m (4.1ms)[0m  [1m[36mcommit transaction[0m
  ↳ app/controllers/users_controller.rb:19
Completed 201 Created in 16ms (Views: 0.5ms | ActiveRecord: 5.2ms)


Started POST "/custom" for 170.246.148.52 at 2019-08-09 02:19:16 +0000
  
ActionController::RoutingError (No route matches [POST] "/custom"):
  
vendor/bundle/ruby/2.5.0/gems/actionpack-5.2.3/lib/action_dispatch/middleware/debug_exceptions.rb:65:in `call'
vendor/bundle/ruby/2.5.0/gems/actionpack-5.2.3/lib/action_dispatch/middleware/show_exceptions.rb:33:in `call'
vendor/bundle/ruby/2.5.0/gems/railties-5.2.3/lib/rails/rack/logger.rb:38:in `call_app'
vendor/bundle/ruby/2.5.0/gems/railties-5.2.3/lib/rails/rack/logger.rb:26:in `block in call'
vendor/bundle/ruby/2.5.0/gems/activesupport-5.2.3/lib/active_support/tagged_logging.rb:71:in `block in tagged'
vendor/bundle/ruby/2.5.0/gems/activesupport-5.2.3/lib/active_support/tagged_logging.rb:28:in `tagged'
vendor/bundle/ruby/2.5.0/gems/activesupport-5.2.3/lib/active_support/tagged_logging.rb:71:in `tagged'
vendor/bundle/ruby/2.5.0/gems/railties-5.2.3/lib/rails/rack/logger.rb:26:in `call'
vendor/bundle/ruby/2.5.0/gems/actionpack-5.2.3/lib/action_dispatch/middleware/remote_ip.rb:81:in `call'
vendor/bundle/ruby/2.5.0/gems/actionpack-5.2.3/lib/action_dispatch/middleware/request_id.rb:27:in `call'
vendor/bundle/ruby/2.5.0/gems/rack-2.0.7/lib/rack/runtime.rb:22:in `call'
vendor/bundle/ruby/2.5.0/gems/activesupport-5.2.3/lib/active_support/cache/strategy/local_cache_middleware.rb:29:in `call'
vendor/bundle/ruby/2.5.0/gems/actionpack-5.2.3/lib/action_dispatch/middleware/executor.rb:14:in `call'
vendor/bundle/ruby/2.5.0/gems/actionpack-5.2.3/lib/action_dispatch/middleware/static.rb:127:in `call'
vendor/bundle/ruby/2.5.0/gems/rack-2.0.7/lib/rack/sendfile.rb:111:in `call'
vendor/bundle/ruby/2.5.0/gems/railties-5.2.3/lib/rails/engine.rb:524:in `call'
vendor/bundle/ruby/2.5.0/gems/puma-3.12.1/lib/puma/configuration.rb:227:in `call'
vendor/bundle/ruby/2.5.0/gems/puma-3.12.1/lib/puma/server.rb:660:in `handle_request'
vendor/bundle/ruby/2.5.0/gems/puma-3.12.1/lib/puma/server.rb:474:in `process_client'
vendor/bundle/ruby/2.5.0/gems/puma-3.12.1/lib/puma/server.rb:334:in `block in run'
vendor/bundle/ruby/2.5.0/gems/puma-3.12.1/lib/puma/thread_pool.rb:135:in `block in spawn_thread'
Started GET "/custom" for 170.246.148.52 at 2019-08-09 02:19:20 +0000
  
ActionController::RoutingError (No route matches [GET] "/custom"):
  
vendor/bundle/ruby/2.5.0/gems/actionpack-5.2.3/lib/action_dispatch/middleware/debug_exceptions.rb:65:in `call'
vendor/bundle/ruby/2.5.0/gems/actionpack-5.2.3/lib/action_dispatch/middleware/show_exceptions.rb:33:in `call'
vendor/bundle/ruby/2.5.0/gems/railties-5.2.3/lib/rails/rack/logger.rb:38:in `call_app'
vendor/bundle/ruby/2.5.0/gems/railties-5.2.3/lib/rails/rack/logger.rb:26:in `block in call'
vendor/bundle/ruby/2.5.0/gems/activesupport-5.2.3/lib/active_support/tagged_logging.rb:71:in `block in tagged'
vendor/bundle/ruby/2.5.0/gems/activesupport-5.2.3/lib/active_support/tagged_logging.rb:28:in `tagged'
vendor/bundle/ruby/2.5.0/gems/activesupport-5.2.3/lib/active_support/tagged_logging.rb:71:in `tagged'
vendor/bundle/ruby/2.5.0/gems/railties-5.2.3/lib/rails/rack/logger.rb:26:in `call'
vendor/bundle/ruby/2.5.0/gems/actionpack-5.2.3/lib/action_dispatch/middleware/remote_ip.rb:81:in `call'
vendor/bundle/ruby/2.5.0/gems/actionpack-5.2.3/lib/action_dispatch/middleware/request_id.rb:27:in `call'
vendor/bundle/ruby/2.5.0/gems/rack-2.0.7/lib/rack/runtime.rb:22:in `call'
vendor/bundle/ruby/2.5.0/gems/activesupport-5.2.3/lib/active_support/cache/strategy/local_cache_middleware.rb:29:in `call'
vendor/bundle/ruby/2.5.0/gems/actionpack-5.2.3/lib/action_dispatch/middleware/executor.rb:14:in `call'
vendor/bundle/ruby/2.5.0/gems/actionpack-5.2.3/lib/action_dispatch/middleware/static.rb:127:in `call'
vendor/bundle/ruby/2.5.0/gems/rack-2.0.7/lib/rack/sendfile.rb:111:in `call'
vendor/bundle/ruby/2.5.0/gems/railties-5.2.3/lib/rails/engine.rb:524:in `call'
vendor/bundle/ruby/2.5.0/gems/puma-3.12.1/lib/puma/configuration.rb:227:in `call'
vendor/bundle/ruby/2.5.0/gems/puma-3.12.1/lib/puma/server.rb:660:in `handle_request'
vendor/bundle/ruby/2.5.0/gems/puma-3.12.1/lib/puma/server.rb:474:in `process_client'
vendor/bundle/ruby/2.5.0/gems/puma-3.12.1/lib/puma/server.rb:334:in `block in run'
vendor/bundle/ruby/2.5.0/gems/puma-3.12.1/lib/puma/thread_pool.rb:135:in `block in spawn_thread'
Started GET "/custom/1/" for 170.246.148.52 at 2019-08-09 02:19:31 +0000
  
ActionController::RoutingError (No route matches [GET] "/custom/1"):
  
vendor/bundle/ruby/2.5.0/gems/actionpack-5.2.3/lib/action_dispatch/middleware/debug_exceptions.rb:65:in `call'
vendor/bundle/ruby/2.5.0/gems/actionpack-5.2.3/lib/action_dispatch/middleware/show_exceptions.rb:33:in `call'
vendor/bundle/ruby/2.5.0/gems/railties-5.2.3/lib/rails/rack/logger.rb:38:in `call_app'
vendor/bundle/ruby/2.5.0/gems/railties-5.2.3/lib/rails/rack/logger.rb:26:in `block in call'
vendor/bundle/ruby/2.5.0/gems/activesupport-5.2.3/lib/active_support/tagged_logging.rb:71:in `block in tagged'
vendor/bundle/ruby/2.5.0/gems/activesupport-5.2.3/lib/active_support/tagged_logging.rb:28:in `tagged'
vendor/bundle/ruby/2.5.0/gems/activesupport-5.2.3/lib/active_support/tagged_logging.rb:71:in `tagged'
vendor/bundle/ruby/2.5.0/gems/railties-5.2.3/lib/rails/rack/logger.rb:26:in `call'
vendor/bundle/ruby/2.5.0/gems/actionpack-5.2.3/lib/action_dispatch/middleware/remote_ip.rb:81:in `call'
vendor/bundle/ruby/2.5.0/gems/actionpack-5.2.3/lib/action_dispatch/middleware/request_id.rb:27:in `call'
vendor/bundle/ruby/2.5.0/gems/rack-2.0.7/lib/rack/runtime.rb:22:in `call'
vendor/bundle/ruby/2.5.0/gems/activesupport-5.2.3/lib/active_support/cache/strategy/local_cache_middleware.rb:29:in `call'
vendor/bundle/ruby/2.5.0/gems/actionpack-5.2.3/lib/action_dispatch/middleware/executor.rb:14:in `call'
vendor/bundle/ruby/2.5.0/gems/actionpack-5.2.3/lib/action_dispatch/middleware/static.rb:127:in `call'
vendor/bundle/ruby/2.5.0/gems/rack-2.0.7/lib/rack/sendfile.rb:111:in `call'
vendor/bundle/ruby/2.5.0/gems/railties-5.2.3/lib/rails/engine.rb:524:in `call'
vendor/bundle/ruby/2.5.0/gems/puma-3.12.1/lib/puma/configuration.rb:227:in `call'
vendor/bundle/ruby/2.5.0/gems/puma-3.12.1/lib/puma/server.rb:660:in `handle_request'
vendor/bundle/ruby/2.5.0/gems/puma-3.12.1/lib/puma/server.rb:474:in `process_client'
vendor/bundle/ruby/2.5.0/gems/puma-3.12.1/lib/puma/server.rb:334:in `block in run'
vendor/bundle/ruby/2.5.0/gems/puma-3.12.1/lib/puma/thread_pool.rb:135:in `block in spawn_thread'
Started GET "/custom/1/" for 170.246.148.52 at 2019-08-09 02:19:33 +0000
  
ActionController::RoutingError (No route matches [GET] "/custom/1"):
  
vendor/bundle/ruby/2.5.0/gems/actionpack-5.2.3/lib/action_dispatch/middleware/debug_exceptions.rb:65:in `call'
vendor/bundle/ruby/2.5.0/gems/actionpack-5.2.3/lib/action_dispatch/middleware/show_exceptions.rb:33:in `call'
vendor/bundle/ruby/2.5.0/gems/railties-5.2.3/lib/rails/rack/logger.rb:38:in `call_app'
vendor/bundle/ruby/2.5.0/gems/railties-5.2.3/lib/rails/rack/logger.rb:26:in `block in call'
vendor/bundle/ruby/2.5.0/gems/activesupport-5.2.3/lib/active_support/tagged_logging.rb:71:in `block in tagged'
vendor/bundle/ruby/2.5.0/gems/activesupport-5.2.3/lib/active_support/tagged_logging.rb:28:in `tagged'
vendor/bundle/ruby/2.5.0/gems/activesupport-5.2.3/lib/active_support/tagged_logging.rb:71:in `tagged'
vendor/bundle/ruby/2.5.0/gems/railties-5.2.3/lib/rails/rack/logger.rb:26:in `call'
vendor/bundle/ruby/2.5.0/gems/actionpack-5.2.3/lib/action_dispatch/middleware/remote_ip.rb:81:in `call'
vendor/bundle/ruby/2.5.0/gems/actionpack-5.2.3/lib/action_dispatch/middleware/request_id.rb:27:in `call'
vendor/bundle/ruby/2.5.0/gems/rack-2.0.7/lib/rack/runtime.rb:22:in `call'
vendor/bundle/ruby/2.5.0/gems/activesupport-5.2.3/lib/active_support/cache/strategy/local_cache_middleware.rb:29:in `call'
vendor/bundle/ruby/2.5.0/gems/actionpack-5.2.3/lib/action_dispatch/middleware/executor.rb:14:in `call'
vendor/bundle/ruby/2.5.0/gems/actionpack-5.2.3/lib/action_dispatch/middleware/static.rb:127:in `call'
vendor/bundle/ruby/2.5.0/gems/rack-2.0.7/lib/rack/sendfile.rb:111:in `call'
vendor/bundle/ruby/2.5.0/gems/railties-5.2.3/lib/rails/engine.rb:524:in `call'
vendor/bundle/ruby/2.5.0/gems/puma-3.12.1/lib/puma/configuration.rb:227:in `call'
vendor/bundle/ruby/2.5.0/gems/puma-3.12.1/lib/puma/server.rb:660:in `handle_request'
vendor/bundle/ruby/2.5.0/gems/puma-3.12.1/lib/puma/server.rb:474:in `process_client'
vendor/bundle/ruby/2.5.0/gems/puma-3.12.1/lib/puma/server.rb:334:in `block in run'
vendor/bundle/ruby/2.5.0/gems/puma-3.12.1/lib/puma/thread_pool.rb:135:in `block in spawn_thread'
Started GET "/custom/1/" for 170.246.148.52 at 2019-08-09 02:22:55 +0000
  [1m[35m (0.2ms)[0m  [1m[34mSELECT "schema_migrations"."version" FROM "schema_migrations" ORDER BY "schema_migrations"."version" ASC[0m
  ↳ vendor/bundle/ruby/2.5.0/gems/activerecord-5.2.3/lib/active_record/log_subscriber.rb:98
Processing by UsersController#custom as */*
  Parameters: {"id"=>"1"}
Completed 500 Internal Server Error in 1ms (ActiveRecord: 0.0ms)


  
NoMethodError (undefined method `[]' for nil:NilClass):
  
app/controllers/users_controller.rb:34:in `custom'
Started GET "/custom/1/" for 170.246.148.52 at 2019-08-09 02:22:57 +0000
Processing by UsersController#custom as */*
  Parameters: {"id"=>"1"}
Completed 500 Internal Server Error in 1ms (ActiveRecord: 0.0ms)


  
NoMethodError (undefined method `[]' for nil:NilClass):
  
app/controllers/users_controller.rb:34:in `custom'
Started GET "/custom/1/" for 152.231.128.92 at 2019-08-09 03:01:00 +0000
  [1m[35m (0.2ms)[0m  [1m[34mSELECT "schema_migrations"."version" FROM "schema_migrations" ORDER BY "schema_migrations"."version" ASC[0m
  ↳ vendor/bundle/ruby/2.5.0/gems/activerecord-5.2.3/lib/active_record/log_subscriber.rb:98
  
SyntaxError (/home/katherine-g/progra2/ruby-progra-dos/practica/app/controllers/users_controller.rb:47: syntax error, unexpected keyword_end, expecting ')'):
  
app/controllers/users_controller.rb:47: syntax error, unexpected keyword_end, expecting ')'
Started GET "/custom/1/" for 152.231.128.92 at 2019-08-09 03:05:04 +0000
  [1m[35m (0.1ms)[0m  [1m[34mSELECT "schema_migrations"."version" FROM "schema_migrations" ORDER BY "schema_migrations"."version" ASC[0m
  ↳ vendor/bundle/ruby/2.5.0/gems/activerecord-5.2.3/lib/active_record/log_subscriber.rb:98
  
SyntaxError (/home/katherine-g/progra2/ruby-progra-dos/practica/app/controllers/users_controller.rb:47: syntax error, unexpected keyword_end, expecting ')'):
  
app/controllers/users_controller.rb:47: syntax error, unexpected keyword_end, expecting ')'
Started GET "/custom/1/" for 152.231.128.92 at 2019-08-09 03:52:09 +0000
  [1m[35m (0.2ms)[0m  [1m[34mSELECT "schema_migrations"."version" FROM "schema_migrations" ORDER BY "schema_migrations"."version" ASC[0m
  ↳ vendor/bundle/ruby/2.5.0/gems/activerecord-5.2.3/lib/active_record/log_subscriber.rb:98
  
SyntaxError (/home/katherine-g/progra2/ruby-progra-dos/practica/app/controllers/users_controller.rb:50: syntax error, unexpected keyword_end, expecting ')'):
  
app/controllers/users_controller.rb:50: syntax error, unexpected keyword_end, expecting ')'
Started GET "/custom/1/" for 152.231.128.92 at 2019-08-09 03:55:35 +0000
  [1m[35m (0.2ms)[0m  [1m[34mSELECT "schema_migrations"."version" FROM "schema_migrations" ORDER BY "schema_migrations"."version" ASC[0m
  ↳ vendor/bundle/ruby/2.5.0/gems/activerecord-5.2.3/lib/active_record/log_subscriber.rb:98
Processing by UsersController#custom as */*
  Parameters: {"id"=>"1"}
Completed 500 Internal Server Error in 1ms (ActiveRecord: 0.0ms)


  
NoMethodError (undefined method `[]' for nil:NilClass):
  
app/controllers/users_controller.rb:36:in `custom'
